TN:
SF:/Users/nrajlich/Code/zeit/now/packages/now-cli/src/index.js
FN:69,(anonymous_0)
FN:72,(anonymous_1)
FN:510,(anonymous_2)
FN:595,(anonymous_3)
FN:690,(anonymous_4)
FN:707,(anonymous_5)
FN:732,(anonymous_6)
FNF:7
FNH:0
FNDA:0,(anonymous_0)
FNDA:0,(anonymous_1)
FNDA:0,(anonymous_2)
FNDA:0,(anonymous_3)
FNDA:0,(anonymous_4)
FNDA:0,(anonymous_5)
FNDA:0,(anonymous_6)
DA:6,0
DA:9,0
DA:11,0
DA:12,0
DA:13,0
DA:52,0
DA:53,0
DA:54,0
DA:56,0
DA:58,0
DA:60,0
DA:63,0
DA:69,0
DA:70,0
DA:72,0
DA:73,0
DA:75,0
DA:77,0
DA:78,0
DA:89,0
DA:90,0
DA:93,0
DA:94,0
DA:96,0
DA:98,0
DA:99,0
DA:101,0
DA:102,0
DA:107,0
DA:110,0
DA:111,0
DA:112,0
DA:115,0
DA:119,0
DA:120,0
DA:126,0
DA:128,0
DA:130,0
DA:131,0
DA:132,0
DA:138,0
DA:142,0
DA:143,0
DA:147,0
DA:148,0
DA:157,0
DA:164,0
DA:177,0
DA:178,0
DA:179,0
DA:180,0
DA:186,0
DA:187,0
DA:189,0
DA:196,0
DA:199,0
DA:200,0
DA:201,0
DA:203,0
DA:212,0
DA:215,0
DA:216,0
DA:218,0
DA:225,0
DA:230,0
DA:231,0
DA:232,0
DA:234,0
DA:241,0
DA:247,0
DA:253,0
DA:257,0
DA:258,0
DA:260,0
DA:261,0
DA:263,0
DA:264,0
DA:266,0
DA:273,0
DA:279,0
DA:280,0
DA:282,0
DA:289,0
DA:292,0
DA:294,0
DA:296,0
DA:297,0
DA:298,0
DA:300,0
DA:307,0
DA:313,0
DA:314,0
DA:315,0
DA:321,0
DA:327,0
DA:330,0
DA:332,0
DA:333,0
DA:335,0
DA:336,0
DA:338,0
DA:346,0
DA:351,0
DA:352,0
DA:353,0
DA:359,0
DA:369,0
DA:370,0
DA:371,0
DA:373,0
DA:376,0
DA:377,0
DA:380,0
DA:381,0
DA:384,0
DA:385,0
DA:386,0
DA:387,0
DA:388,0
DA:390,0
DA:403,0
DA:406,0
DA:407,0
DA:408,0
DA:410,0
DA:413,0
DA:416,0
DA:417,0
DA:420,0
DA:421,0
DA:422,0
DA:425,0
DA:426,0
DA:427,0
DA:428,0
DA:431,0
DA:433,0
DA:435,0
DA:437,0
DA:440,0
DA:445,0
DA:452,0
DA:453,0
DA:455,0
DA:456,0
DA:460,0
DA:462,0
DA:471,0
DA:475,0
DA:476,0
DA:485,0
DA:488,0
DA:489,0
DA:491,0
DA:492,0
DA:499,0
DA:502,0
DA:503,0
DA:504,0
DA:505,0
DA:510,0
DA:516,0
DA:519,0
DA:522,0
DA:523,0
DA:527,0
DA:528,0
DA:537,0
DA:539,0
DA:541,0
DA:543,0
DA:549,0
DA:550,0
DA:552,0
DA:553,0
DA:555,0
DA:556,0
DA:563,0
DA:566,0
DA:567,0
DA:570,0
DA:571,0
DA:573,0
DA:575,0
DA:576,0
DA:577,0
DA:579,0
DA:580,0
DA:587,0
DA:590,0
DA:591,0
DA:595,0
DA:597,0
DA:598,0
DA:605,0
DA:608,0
DA:612,0
DA:613,0
DA:614,0
DA:615,0
DA:618,0
DA:620,0
DA:622,0
DA:623,0
DA:624,0
DA:625,0
DA:626,0
DA:628,0
DA:629,0
DA:631,0
DA:637,0
DA:638,0
DA:643,0
DA:645,0
DA:648,0
DA:654,0
DA:655,0
DA:656,0
DA:658,0
DA:659,0
DA:665,0
DA:668,0
DA:669,0
DA:677,0
DA:678,0
DA:681,0
DA:682,0
DA:685,0
DA:688,0
DA:690,0
DA:691,0
DA:693,0
DA:694,0
DA:695,0
DA:697,0
DA:698,0
DA:701,0
DA:704,0
DA:707,0
DA:708,0
DA:711,0
DA:712,0
DA:713,0
DA:716,0
DA:717,0
DA:719,0
DA:723,0
DA:726,0
DA:727,0
DA:731,0
DA:733,0
DA:734,0
LF:252
LH:0
BRDA:11,0,0,0
BRDA:11,0,1,0
BRDA:11,1,0,0
BRDA:11,1,1,0
BRDA:11,1,2,0
BRDA:66,2,0,0
BRDA:66,2,1,0
BRDA:101,3,0,0
BRDA:101,3,1,0
BRDA:101,4,0,0
BRDA:101,4,1,0
BRDA:110,5,0,0
BRDA:110,5,1,0
BRDA:115,6,0,0
BRDA:115,6,1,0
BRDA:116,7,0,0
BRDA:116,7,1,0
BRDA:131,8,0,0
BRDA:131,8,1,0
BRDA:134,9,0,0
BRDA:134,9,1,0
BRDA:139,10,0,0
BRDA:139,10,1,0
BRDA:142,11,0,0
BRDA:142,11,1,0
BRDA:147,12,0,0
BRDA:147,12,1,0
BRDA:147,13,0,0
BRDA:147,13,1,0
BRDA:167,14,0,0
BRDA:167,14,1,0
BRDA:169,15,0,0
BRDA:169,15,1,0
BRDA:169,16,0,0
BRDA:169,16,1,0
BRDA:177,17,0,0
BRDA:177,17,1,0
BRDA:178,18,0,0
BRDA:178,18,1,0
BRDA:199,19,0,0
BRDA:199,19,1,0
BRDA:230,20,0,0
BRDA:230,20,1,0
BRDA:247,21,0,0
BRDA:247,21,1,0
BRDA:248,22,0,0
BRDA:248,22,1,0
BRDA:248,22,2,0
BRDA:248,22,3,0
BRDA:257,23,0,0
BRDA:257,23,1,0
BRDA:296,24,0,0
BRDA:296,24,1,0
BRDA:313,25,0,0
BRDA:313,25,1,0
BRDA:315,26,0,0
BRDA:315,26,1,0
BRDA:316,27,0,0
BRDA:316,27,1,0
BRDA:316,27,2,0
BRDA:316,27,3,0
BRDA:351,28,0,0
BRDA:351,28,1,0
BRDA:369,29,0,0
BRDA:369,29,1,0
BRDA:373,30,0,0
BRDA:373,30,1,0
BRDA:376,31,0,0
BRDA:376,31,1,0
BRDA:376,32,0,0
BRDA:376,32,1,0
BRDA:377,33,0,0
BRDA:377,33,1,0
BRDA:381,34,0,0
BRDA:381,34,1,0
BRDA:385,35,0,0
BRDA:385,35,1,0
BRDA:387,36,0,0
BRDA:387,36,1,0
BRDA:396,37,0,0
BRDA:396,37,1,0
BRDA:406,38,0,0
BRDA:406,38,1,0
BRDA:420,39,0,0
BRDA:420,39,1,0
BRDA:421,40,0,0
BRDA:421,40,1,0
BRDA:425,41,0,0
BRDA:425,41,1,0
BRDA:425,42,0,0
BRDA:425,42,1,0
BRDA:427,43,0,0
BRDA:427,43,1,0
BRDA:427,44,0,0
BRDA:427,44,1,0
BRDA:445,45,0,0
BRDA:445,45,1,0
BRDA:446,46,0,0
BRDA:446,46,1,0
BRDA:446,46,2,0
BRDA:446,46,3,0
BRDA:446,46,4,0
BRDA:446,46,5,0
BRDA:452,47,0,0
BRDA:452,47,1,0
BRDA:475,48,0,0
BRDA:475,48,1,0
BRDA:475,49,0,0
BRDA:475,49,1,0
BRDA:488,50,0,0
BRDA:488,50,1,0
BRDA:491,51,0,0
BRDA:491,51,1,0
BRDA:503,52,0,0
BRDA:503,52,1,0
BRDA:522,53,0,0
BRDA:522,53,1,0
BRDA:522,54,0,0
BRDA:522,54,1,0
BRDA:527,55,0,0
BRDA:527,55,1,0
BRDA:539,56,0,0
BRDA:539,56,1,0
BRDA:539,56,2,0
BRDA:543,57,0,0
BRDA:543,57,1,0
BRDA:544,58,0,0
BRDA:544,58,1,0
BRDA:544,58,2,0
BRDA:544,58,3,0
BRDA:547,59,0,0
BRDA:547,59,1,0
BRDA:555,60,0,0
BRDA:555,60,1,0
BRDA:570,61,0,0
BRDA:570,61,1,0
BRDA:570,62,0,0
BRDA:570,62,1,0
BRDA:570,62,2,0
BRDA:579,63,0,0
BRDA:579,63,1,0
BRDA:595,64,0,0
BRDA:595,64,1,0
BRDA:595,65,0,0
BRDA:595,65,1,0
BRDA:597,66,0,0
BRDA:597,66,1,0
BRDA:612,67,0,0
BRDA:612,67,1,0
BRDA:628,68,0,0
BRDA:628,68,1,0
BRDA:637,69,0,0
BRDA:637,69,1,0
BRDA:637,70,0,0
BRDA:637,70,1,0
BRDA:654,71,0,0
BRDA:654,71,1,0
BRDA:658,72,0,0
BRDA:658,72,1,0
BRDA:668,73,0,0
BRDA:668,73,1,0
BRDA:681,74,0,0
BRDA:681,74,1,0
BRDA:693,75,0,0
BRDA:693,75,1,0
BRDA:694,76,0,0
BRDA:694,76,1,0
BRDA:711,77,0,0
BRDA:711,77,1,0
BRDA:711,78,0,0
BRDA:711,78,1,0
BRF:171
BRH:0
end_of_record
TN:
SF:/Users/nrajlich/Code/zeit/now/packages/now-cli/src/types.ts
FN:4,(anonymous_0)
FNF:1
FNH:0
FNDA:0,(anonymous_0)
DA:2,0
DA:4,0
DA:5,0
DA:6,0
DA:7,0
LF:5
LH:0
BRDA:8,0,0,0
BRDA:8,0,1,0
BRF:2
BRH:0
end_of_record
TN:
SF:/Users/nrajlich/Code/zeit/now/packages/now-cli/src/commands/index.ts
FNF:0
FNH:0
DA:2,0
DA:3,0
LF:2
LH:0
BRF:0
BRH:0
end_of_record
TN:
SF:/Users/nrajlich/Code/zeit/now/packages/now-cli/src/commands/inspect.js
FN:19,(anonymous_0)
FN:50,main
FN:248,(anonymous_2)
FN:269,(anonymous_3)
FN:286,getEventMetadata
FN:302,caught
FN:303,(anonymous_6)
FN:309,stateString
FNF:8
FNH:0
FNDA:0,(anonymous_0)
FNDA:0,main
FNDA:0,(anonymous_2)
FNDA:0,(anonymous_3)
FNDA:0,getEventMetadata
FNDA:0,caught
FNDA:0,(anonymous_6)
FNDA:0,stateString
DA:17,0
DA:19,0
DA:20,0
DA:55,0
DA:56,0
DA:58,0
DA:59,0
DA:62,0
DA:63,0
DA:64,0
DA:67,0
DA:68,0
DA:69,0
DA:70,0
DA:73,0
DA:75,0
DA:76,0
DA:77,0
DA:78,0
DA:84,0
DA:85,0
DA:86,0
DA:92,0
DA:94,0
DA:95,0
DA:97,0
DA:98,0
DA:99,0
DA:102,0
DA:105,0
DA:108,0
DA:109,0
DA:113,0
DA:114,0
DA:116,0
DA:117,0
DA:118,0
DA:119,0
DA:121,0
DA:122,0
DA:127,0
DA:130,0
DA:146,0
DA:148,0
DA:149,0
DA:151,0
DA:163,0
DA:164,0
DA:170,0
DA:171,0
DA:172,0
DA:173,0
DA:174,0
DA:175,0
DA:178,0
DA:179,0
DA:181,0
DA:182,0
DA:184,0
DA:185,0
DA:187,0
DA:188,0
DA:189,0
DA:196,0
DA:198,0
DA:199,0
DA:201,0
DA:202,0
DA:203,0
DA:206,0
DA:207,0
DA:208,0
DA:211,0
DA:212,0
DA:213,0
DA:214,0
DA:217,0
DA:218,0
DA:219,0
DA:224,0
DA:227,0
DA:232,0
DA:235,0
DA:236,0
DA:239,0
DA:241,0
DA:243,0
DA:244,0
DA:245,0
DA:247,0
DA:248,0
DA:249,0
DA:250,0
DA:251,0
DA:252,0
DA:254,0
DA:261,0
DA:264,0
DA:265,0
DA:266,0
DA:267,0
DA:268,0
DA:269,0
DA:270,0
DA:271,0
DA:277,0
DA:280,0
DA:287,0
DA:288,0
DA:291,0
DA:292,0
DA:293,0
DA:297,0
DA:303,0
DA:304,0
DA:310,0
DA:312,0
DA:315,0
DA:318,0
DA:321,0
LF:120
LH:0
BRDA:62,0,0,0
BRDA:62,0,1,0
BRDA:75,1,0,0
BRDA:75,1,1,0
BRDA:97,2,0,0
BRDA:97,2,1,0
BRDA:97,3,0,0
BRDA:97,3,1,0
BRDA:117,4,0,0
BRDA:117,4,1,0
BRDA:121,5,0,0
BRDA:121,5,1,0
BRDA:155,6,0,0
BRDA:155,6,1,0
BRDA:160,7,0,0
BRDA:160,7,1,0
BRDA:176,8,0,0
BRDA:176,8,1,0
BRDA:178,9,0,0
BRDA:178,9,1,0
BRDA:181,10,0,0
BRDA:181,10,1,0
BRDA:184,11,0,0
BRDA:184,11,1,0
BRDA:188,12,0,0
BRDA:188,12,1,0
BRDA:198,13,0,0
BRDA:198,13,1,0
BRDA:203,14,0,0
BRDA:203,14,1,0
BRDA:211,15,0,0
BRDA:211,15,1,0
BRDA:211,16,0,0
BRDA:211,16,1,0
BRDA:217,17,0,0
BRDA:217,17,1,0
BRDA:235,18,0,0
BRDA:235,18,1,0
BRDA:235,19,0,0
BRDA:235,19,1,0
BRDA:243,20,0,0
BRDA:243,20,1,0
BRDA:251,21,0,0
BRDA:251,21,1,0
BRDA:252,22,0,0
BRDA:252,22,1,0
BRDA:252,23,0,0
BRDA:252,23,1,0
BRDA:265,24,0,0
BRDA:265,24,1,0
BRDA:268,25,0,0
BRDA:268,25,1,0
BRDA:270,26,0,0
BRDA:270,26,1,0
BRDA:287,27,0,0
BRDA:287,27,1,0
BRDA:291,28,0,0
BRDA:291,28,1,0
BRDA:291,29,0,0
BRDA:291,29,1,0
BRDA:292,30,0,0
BRDA:292,30,1,0
BRDA:310,31,0,0
BRDA:310,31,1,0
BRDA:310,31,2,0
BRDA:310,31,3,0
BRF:66
BRH:0
end_of_record
TN:
SF:/Users/nrajlich/Code/zeit/now/packages/now-cli/src/commands/list.js
FN:22,(anonymous_0)
FN:76,main
FN:227,(anonymous_2)
FN:247,(anonymous_3)
FN:260,(anonymous_4)
FN:268,(anonymous_5)
FN:297,(anonymous_6)
FN:302,(anonymous_7)
FN:311,(anonymous_8)
FN:322,(anonymous_9)
FN:328,(anonymous_10)
FN:349,getProjectName
FN:359,stateString
FN:376,sortRecent
FN:377,recencySort
FN:385,filterUniqueApps
FN:387,uniqueAppFilter
FNF:17
FNH:0
FNDA:0,(anonymous_0)
FNDA:0,main
FNDA:0,(anonymous_2)
FNDA:0,(anonymous_3)
FNDA:0,(anonymous_4)
FNDA:0,(anonymous_5)
FNDA:0,(anonymous_6)
FNDA:0,(anonymous_7)
FNDA:0,(anonymous_8)
FNDA:0,(anonymous_9)
FNDA:0,(anonymous_10)
FNDA:0,getProjectName
FNDA:0,stateString
FNDA:0,sortRecent
FNDA:0,recencySort
FNDA:0,filterUniqueApps
FNDA:0,uniqueAppFilter
DA:22,0
DA:23,0
DA:79,0
DA:80,0
DA:89,0
DA:90,0
DA:93,0
DA:95,0
DA:99,0
DA:100,0
DA:101,0
DA:104,0
DA:105,0
DA:107,0
DA:109,0
DA:110,0
DA:111,0
DA:114,0
DA:118,0
DA:119,0
DA:120,0
DA:126,0
DA:128,0
DA:129,0
DA:131,0
DA:132,0
DA:133,0
DA:136,0
DA:139,0
DA:141,0
DA:142,0
DA:143,0
DA:146,0
DA:150,0
DA:151,0
DA:153,0
DA:154,0
DA:155,0
DA:158,0
DA:159,0
DA:160,0
DA:165,0
DA:166,0
DA:170,0
DA:171,0
DA:173,0
DA:174,0
DA:175,0
DA:176,0
DA:179,0
DA:180,0
DA:185,0
DA:186,0
DA:187,0
DA:193,0
DA:194,0
DA:197,0
DA:199,0
DA:200,0
DA:205,0
DA:206,0
DA:208,0
DA:209,0
DA:211,0
DA:212,0
DA:216,0
DA:217,0
DA:218,0
DA:222,0
DA:223,0
DA:226,0
DA:227,0
DA:229,0
DA:230,0
DA:232,0
DA:233,0
DA:234,0
DA:235,0
DA:236,0
DA:237,0
DA:240,0
DA:241,0
DA:246,0
DA:247,0
DA:250,0
DA:251,0
DA:256,0
DA:258,0
DA:259,0
DA:261,0
DA:267,0
DA:268,0
DA:271,0
DA:272,0
DA:279,0
DA:280,0
DA:284,0
DA:285,0
DA:288,0
DA:289,0
DA:292,0
DA:294,0
DA:298,0
DA:302,0
DA:311,0
DA:322,0
DA:328,0
DA:339,0
DA:340,0
DA:341,0
DA:351,0
DA:352,0
DA:355,0
DA:360,0
DA:362,0
DA:365,0
DA:368,0
DA:371,0
DA:377,0
DA:378,0
DA:386,0
DA:387,0
DA:388,0
DA:389,0
DA:391,0
DA:392,0
LF:126
LH:0
BRDA:99,0,0,0
BRDA:99,0,1,0
BRDA:109,1,0,0
BRDA:109,1,1,0
BRDA:131,2,0,0
BRDA:131,2,1,0
BRDA:131,3,0,0
BRDA:131,3,1,0
BRDA:141,4,0,0
BRDA:141,4,1,0
BRDA:141,5,0,0
BRDA:141,5,1,0
BRDA:153,6,0,0
BRDA:153,6,1,0
BRDA:153,7,0,0
BRDA:153,7,1,0
BRDA:158,8,0,0
BRDA:158,8,1,0
BRDA:158,9,0,0
BRDA:158,9,1,0
BRDA:165,10,0,0
BRDA:165,10,1,0
BRDA:165,11,0,0
BRDA:165,11,1,0
BRDA:173,12,0,0
BRDA:173,12,1,0
BRDA:199,13,0,0
BRDA:199,13,1,0
BRDA:199,14,0,0
BRDA:199,14,1,0
BRDA:208,15,0,0
BRDA:208,15,1,0
BRDA:216,16,0,0
BRDA:216,16,1,0
BRDA:216,17,0,0
BRDA:216,17,1,0
BRDA:222,18,0,0
BRDA:222,18,1,0
BRDA:222,19,0,0
BRDA:222,19,1,0
BRDA:227,20,0,0
BRDA:227,20,1,0
BRDA:229,21,0,0
BRDA:229,21,1,0
BRDA:232,22,0,0
BRDA:232,22,1,0
BRDA:250,23,0,0
BRDA:250,23,1,0
BRDA:250,24,0,0
BRDA:250,24,1,0
BRDA:258,25,0,0
BRDA:258,25,1,0
BRDA:262,26,0,0
BRDA:262,26,1,0
BRDA:267,27,0,0
BRDA:267,27,1,0
BRDA:279,28,0,0
BRDA:279,28,1,0
BRDA:284,29,0,0
BRDA:284,29,1,0
BRDA:288,30,0,0
BRDA:288,30,1,0
BRDA:305,31,0,0
BRDA:305,31,1,0
BRDA:310,32,0,0
BRDA:310,32,1,0
BRDA:324,33,0,0
BRDA:324,33,1,0
BRDA:339,34,0,0
BRDA:339,34,1,0
BRDA:339,35,0,0
BRDA:339,35,1,0
BRDA:343,36,0,0
BRDA:343,36,1,0
BRDA:351,37,0,0
BRDA:351,37,1,0
BRDA:360,38,0,0
BRDA:360,38,1,0
BRDA:360,38,2,0
BRDA:360,38,3,0
BRDA:388,39,0,0
BRDA:388,39,1,0
BRF:82
BRH:0
end_of_record
TN:
SF:/Users/nrajlich/Code/zeit/now/packages/now-cli/src/commands/login.js
FN:29,(anonymous_0)
FN:55,(anonymous_1)
FN:102,(anonymous_2)
FN:129,(anonymous_3)
FNF:4
FNH:0
FNDA:0,(anonymous_0)
FNDA:0,(anonymous_1)
FNDA:0,(anonymous_2)
FNDA:0,(anonymous_3)
DA:27,0
DA:29,0
DA:30,0
DA:55,0
DA:56,0
DA:61,0
DA:65,0
DA:66,0
DA:73,0
DA:75,0
DA:82,0
DA:85,0
DA:86,0
DA:88,0
DA:92,0
DA:99,0
DA:102,0
DA:105,0
DA:106,0
DA:108,0
DA:110,0
DA:111,0
DA:114,0
DA:115,0
DA:125,0
DA:126,0
DA:129,0
DA:132,0
DA:133,0
DA:135,0
DA:136,0
DA:139,0
DA:140,0
DA:141,0
DA:144,0
DA:145,0
DA:147,0
DA:149,0
DA:151,0
DA:154,0
DA:157,0
DA:158,0
DA:160,0
DA:161,0
DA:165,0
DA:167,0
DA:168,0
DA:169,0
DA:171,0
DA:172,0
DA:174,0
DA:176,0
DA:177,0
DA:179,0
DA:180,0
DA:185,0
DA:193,0
DA:195,0
DA:196,0
DA:197,0
DA:198,0
DA:200,0
DA:201,0
DA:202,0
DA:205,0
DA:208,0
DA:210,0
DA:218,0
DA:222,0
DA:223,0
DA:224,0
DA:225,0
DA:227,0
DA:231,0
DA:232,0
DA:233,0
DA:238,0
DA:239,0
DA:243,0
DA:246,0
DA:248,0
DA:249,0
DA:251,0
DA:253,0
DA:258,0
DA:265,0
LF:86
LH:0
BRDA:110,0,0,0
BRDA:110,0,1,0
BRDA:114,1,0,0
BRDA:114,1,1,0
BRDA:139,2,0,0
BRDA:139,2,1,0
BRDA:157,3,0,0
BRDA:157,3,1,0
BRDA:158,4,0,0
BRDA:158,4,1,0
BRDA:172,5,0,0
BRDA:172,5,1,0
BRDA:180,6,0,0
BRDA:180,6,1,0
BRDA:208,7,0,0
BRDA:208,7,1,0
BRDA:227,8,0,0
BRDA:227,8,1,0
BRF:18
BRH:0
end_of_record
TN:
SF:/Users/nrajlich/Code/zeit/now/packages/now-cli/src/commands/logout.ts
FN:2,(anonymous_0)
FN:14,(anonymous_1)
FN:31,main
FN:52,(anonymous_3)
FNF:4
FNH:0
FNDA:0,(anonymous_0)
FNDA:0,(anonymous_1)
FNDA:0,main
FNDA:0,(anonymous_3)
DA:2,0
DA:3,0
DA:5,0
DA:6,0
DA:7,0
DA:8,0
DA:10,0
DA:11,0
DA:12,0
DA:13,0
DA:14,0
DA:15,0
DA:33,0
DA:34,0
DA:40,0
DA:41,0
DA:43,0
DA:44,0
DA:45,0
DA:47,0
DA:48,0
DA:49,0
DA:51,0
DA:52,0
DA:53,0
DA:54,0
DA:55,0
DA:57,0
DA:58,0
DA:61,0
DA:62,0
DA:64,0
DA:65,0
DA:66,0
DA:67,0
DA:68,0
DA:71,0
DA:72,0
DA:73,0
DA:75,0
DA:81,0
DA:82,0
DA:84,0
DA:85,0
DA:86,0
DA:87,0
DA:88,0
DA:89,0
DA:91,0
DA:92,0
DA:93,0
LF:51
LH:0
BRDA:2,0,0,0
BRDA:2,0,1,0
BRDA:2,0,2,0
BRDA:3,1,0,0
BRDA:3,1,1,0
BRDA:3,2,0,0
BRDA:3,2,1,0
BRDA:43,3,0,0
BRDA:43,3,1,0
BRDA:61,4,0,0
BRDA:61,4,1,0
BRDA:81,5,0,0
BRDA:81,5,1,0
BRDA:84,6,0,0
BRDA:84,6,1,0
BRDA:88,7,0,0
BRDA:88,7,1,0
BRF:17
BRH:0
end_of_record
TN:
SF:/Users/nrajlich/Code/zeit/now/packages/now-cli/src/commands/logs.js
FN:12,(anonymous_0)
FN:56,main
FN:200,(anonymous_2)
FN:211,(anonymous_3)
FN:241,compareEvents
FN:252,printLogShort
FN:287,(anonymous_6)
FN:321,printLogRaw
FN:346,toTimestamp
FNF:9
FNH:0
FNDA:0,(anonymous_0)
FNDA:0,main
FNDA:0,(anonymous_2)
FNDA:0,(anonymous_3)
FNDA:0,compareEvents
FNDA:0,printLogShort
FNDA:0,(anonymous_6)
FNDA:0,printLogRaw
FNDA:0,toTimestamp
DA:12,0
DA:13,0
DA:70,0
DA:81,0
DA:82,0
DA:84,0
DA:85,0
DA:86,0
DA:89,0
DA:90,0
DA:92,0
DA:93,0
DA:95,0
DA:96,0
DA:99,0
DA:100,0
DA:102,0
DA:103,0
DA:106,0
DA:107,0
DA:108,0
DA:109,0
DA:112,0
DA:115,0
DA:118,0
DA:119,0
DA:121,0
DA:122,0
DA:123,0
DA:124,0
DA:125,0
DA:130,0
DA:131,0
DA:132,0
DA:133,0
DA:139,0
DA:141,0
DA:142,0
DA:144,0
DA:145,0
DA:146,0
DA:149,0
DA:153,0
DA:155,0
DA:156,0
DA:160,0
DA:161,0
DA:163,0
DA:164,0
DA:166,0
DA:167,0
DA:170,0
DA:172,0
DA:173,0
DA:178,0
DA:181,0
DA:184,0
DA:185,0
DA:191,0
DA:192,0
DA:193,0
DA:199,0
DA:200,0
DA:202,0
DA:210,0
DA:211,0
DA:212,0
DA:213,0
DA:214,0
DA:216,0
DA:218,0
DA:219,0
DA:222,0
DA:223,0
DA:228,0
DA:237,0
DA:238,0
DA:242,0
DA:243,0
DA:244,0
DA:245,0
DA:246,0
DA:247,0
DA:248,0
DA:249,0
DA:253,0
DA:256,0
DA:257,0
DA:258,0
DA:262,0
DA:263,0
DA:266,0
DA:267,0
DA:268,0
DA:269,0
DA:271,0
DA:278,0
DA:279,0
DA:280,0
DA:281,0
DA:285,0
DA:287,0
DA:288,0
DA:293,0
DA:296,0
DA:297,0
DA:299,0
DA:300,0
DA:304,0
DA:305,0
DA:309,0
DA:318,0
DA:322,0
DA:324,0
DA:325,0
DA:327,0
DA:338,0
DA:341,0
DA:347,0
DA:348,0
DA:349,0
DA:351,0
LF:122
LH:0
BRDA:84,0,0,0
BRDA:84,0,1,0
BRDA:84,1,0,0
BRDA:84,1,1,0
BRDA:84,1,2,0
BRDA:93,2,0,0
BRDA:93,2,1,0
BRDA:100,3,0,0
BRDA:100,3,1,0
BRDA:106,4,0,0
BRDA:106,4,1,0
BRDA:108,5,0,0
BRDA:108,5,1,0
BRDA:122,6,0,0
BRDA:122,6,1,0
BRDA:124,7,0,0
BRDA:124,7,1,0
BRDA:125,8,0,0
BRDA:125,8,1,0
BRDA:144,9,0,0
BRDA:144,9,1,0
BRDA:144,10,0,0
BRDA:144,10,1,0
BRDA:166,11,0,0
BRDA:166,11,1,0
BRDA:172,12,0,0
BRDA:172,12,1,0
BRDA:191,13,0,0
BRDA:191,13,1,0
BRDA:192,14,0,0
BRDA:192,14,1,0
BRDA:192,15,0,0
BRDA:192,15,1,0
BRDA:202,16,0,0
BRDA:202,16,1,0
BRDA:212,17,0,0
BRDA:212,17,1,0
BRDA:218,18,0,0
BRDA:218,18,1,0
BRDA:222,19,0,0
BRDA:222,19,1,0
BRDA:228,20,0,0
BRDA:228,20,1,0
BRDA:242,21,0,0
BRDA:242,21,1,0
BRDA:243,22,0,0
BRDA:243,22,1,0
BRDA:244,23,0,0
BRDA:244,23,1,0
BRDA:245,24,0,0
BRDA:245,24,1,0
BRDA:246,25,0,0
BRDA:246,25,1,0
BRDA:248,26,0,0
BRDA:248,26,1,0
BRDA:253,27,0,0
BRDA:253,27,1,0
BRDA:257,28,0,0
BRDA:257,28,1,0
BRDA:260,29,0,0
BRDA:260,29,1,0
BRDA:261,30,0,0
BRDA:261,30,1,0
BRDA:261,31,0,0
BRDA:261,31,1,0
BRDA:262,32,0,0
BRDA:262,32,1,0
BRDA:266,33,0,0
BRDA:266,33,1,0
BRDA:268,34,0,0
BRDA:268,34,1,0
BRDA:271,35,0,0
BRDA:271,35,1,0
BRDA:278,36,0,0
BRDA:278,36,1,0
BRDA:280,37,0,0
BRDA:280,37,1,0
BRDA:288,38,0,0
BRDA:288,38,1,0
BRDA:289,39,0,0
BRDA:289,39,1,0
BRDA:289,39,2,0
BRDA:296,40,0,0
BRDA:296,40,1,0
BRDA:299,41,0,0
BRDA:299,41,1,0
BRDA:304,42,0,0
BRDA:304,42,1,0
BRDA:322,43,0,0
BRDA:322,43,1,0
BRDA:324,44,0,0
BRDA:324,44,1,0
BRDA:348,45,0,0
BRDA:348,45,1,0
BRF:94
BRH:0
end_of_record
TN:
SF:/Users/nrajlich/Code/zeit/now/packages/now-cli/src/commands/projects.js
FN:19,(anonymous_0)
FN:58,(anonymous_1)
FN:107,(anonymous_2)
FN:116,run
FN:156,(anonymous_4)
FN:160,(anonymous_5)
FN:275,(anonymous_6)
FN:280,readConfirmation
FN:281,(anonymous_8)
FN:292,(anonymous_9)
FNF:10
FNH:0
FNDA:0,(anonymous_0)
FNDA:0,(anonymous_1)
FNDA:0,(anonymous_2)
FNDA:0,run
FNDA:0,(anonymous_4)
FNDA:0,(anonymous_5)
FNDA:0,(anonymous_6)
FNDA:0,readConfirmation
FNDA:0,(anonymous_8)
FNDA:0,(anonymous_9)
DA:17,0
DA:19,0
DA:20,0
DA:58,0
DA:59,0
DA:67,0
DA:69,0
DA:70,0
DA:71,0
DA:73,0
DA:74,0
DA:75,0
DA:78,0
DA:83,0
DA:84,0
DA:86,0
DA:88,0
DA:89,0
DA:91,0
DA:92,0
DA:93,0
DA:96,0
DA:99,0
DA:100,0
DA:102,0
DA:103,0
DA:108,0
DA:109,0
DA:111,0
DA:112,0
DA:117,0
DA:118,0
DA:120,0
DA:121,0
DA:122,0
DA:129,0
DA:132,0
DA:134,0
DA:136,0
DA:137,0
DA:140,0
DA:144,0
DA:146,0
DA:148,0
DA:154,0
DA:155,0
DA:156,0
DA:158,0
DA:160,0
DA:173,0
DA:174,0
DA:177,0
DA:178,0
DA:179,0
DA:186,0
DA:187,0
DA:190,0
DA:193,0
DA:194,0
DA:195,0
DA:202,0
DA:205,0
DA:208,0
DA:209,0
DA:211,0
DA:212,0
DA:213,0
DA:217,0
DA:218,0
DA:219,0
DA:220,0
DA:223,0
DA:226,0
DA:227,0
DA:232,0
DA:235,0
DA:236,0
DA:237,0
DA:245,0
DA:246,0
DA:247,0
DA:252,0
DA:255,0
DA:256,0
DA:260,0
DA:262,0
DA:267,0
DA:270,0
DA:271,0
DA:272,0
DA:275,0
DA:276,0
DA:277,0
DA:281,0
DA:282,0
DA:287,0
DA:291,0
DA:293,0
DA:294,0
LF:99
LH:0
BRDA:73,0,0,0
BRDA:73,0,1,0
BRDA:73,1,0,0
BRDA:73,1,1,0
BRDA:91,2,0,0
BRDA:91,2,1,0
BRDA:91,3,0,0
BRDA:91,3,1,0
BRDA:120,4,0,0
BRDA:120,4,1,0
BRDA:120,5,0,0
BRDA:120,5,1,0
BRDA:121,6,0,0
BRDA:121,6,1,0
BRDA:136,7,0,0
BRDA:136,7,1,0
BRDA:150,8,0,0
BRDA:150,8,1,0
BRDA:154,9,0,0
BRDA:154,9,1,0
BRDA:173,10,0,0
BRDA:173,10,1,0
BRDA:177,11,0,0
BRDA:177,11,1,0
BRDA:177,12,0,0
BRDA:177,12,1,0
BRDA:193,13,0,0
BRDA:193,13,1,0
BRDA:193,14,0,0
BRDA:193,14,1,0
BRDA:194,15,0,0
BRDA:194,15,1,0
BRDA:211,16,0,0
BRDA:211,16,1,0
BRDA:218,17,0,0
BRDA:218,17,1,0
BRDA:235,18,0,0
BRDA:235,18,1,0
BRDA:236,19,0,0
BRDA:236,19,1,0
BRDA:245,20,0,0
BRDA:245,20,1,0
BRF:42
BRH:0
end_of_record
TN:
SF:/Users/nrajlich/Code/zeit/now/packages/now-cli/src/commands/remove.js
FN:22,(anonymous_0)
FN:65,main
FN:99,(anonymous_2)
FN:136,(anonymous_3)
FN:146,(anonymous_4)
FN:148,(anonymous_5)
FN:156,(anonymous_6)
FN:161,(anonymous_7)
FN:172,(anonymous_8)
FN:182,(anonymous_9)
FN:188,(anonymous_10)
FN:188,(anonymous_11)
FN:193,(anonymous_12)
FN:202,(anonymous_13)
FN:215,(anonymous_14)
FN:253,(anonymous_15)
FN:254,(anonymous_16)
FN:262,(anonymous_17)
FN:266,(anonymous_18)
FN:274,readConfirmation
FN:275,(anonymous_20)
FN:286,(anonymous_21)
FN:327,(anonymous_22)
FN:335,deploymentsAndProjects
FNF:24
FNH:0
FNDA:0,(anonymous_0)
FNDA:0,main
FNDA:0,(anonymous_2)
FNDA:0,(anonymous_3)
FNDA:0,(anonymous_4)
FNDA:0,(anonymous_5)
FNDA:0,(anonymous_6)
FNDA:0,(anonymous_7)
FNDA:0,(anonymous_8)
FNDA:0,(anonymous_9)
FNDA:0,(anonymous_10)
FNDA:0,(anonymous_11)
FNDA:0,(anonymous_12)
FNDA:0,(anonymous_13)
FNDA:0,(anonymous_14)
FNDA:0,(anonymous_15)
FNDA:0,(anonymous_16)
FNDA:0,(anonymous_17)
FNDA:0,(anonymous_18)
FNDA:0,readConfirmation
FNDA:0,(anonymous_20)
FNDA:0,(anonymous_21)
FNDA:0,(anonymous_22)
FNDA:0,deploymentsAndProjects
DA:22,0
DA:23,0
DA:68,0
DA:78,0
DA:80,0
DA:81,0
DA:82,0
DA:83,0
DA:84,0
DA:85,0
DA:86,0
DA:88,0
DA:89,0
DA:90,0
DA:93,0
DA:94,0
DA:95,0
DA:96,0
DA:99,0
DA:101,0
DA:102,0
DA:105,0
DA:111,0
DA:112,0
DA:113,0
DA:119,0
DA:121,0
DA:122,0
DA:124,0
DA:126,0
DA:127,0
DA:128,0
DA:131,0
DA:134,0
DA:136,0
DA:143,0
DA:145,0
DA:146,0
DA:147,0
DA:149,0
DA:154,0
DA:157,0
DA:161,0
DA:165,0
DA:166,0
DA:170,0
DA:171,0
DA:173,0
DA:180,0
DA:182,0
DA:184,0
DA:187,0
DA:188,0
DA:192,0
DA:194,0
DA:195,0
DA:199,0
DA:202,0
DA:203,0
DA:204,0
DA:207,0
DA:208,0
DA:211,0
DA:212,0
DA:215,0
DA:219,0
DA:220,0
DA:223,0
DA:228,0
DA:229,0
DA:235,0
DA:236,0
DA:242,0
DA:243,0
DA:244,0
DA:245,0
DA:249,0
DA:250,0
DA:252,0
DA:253,0
DA:254,0
DA:257,0
DA:262,0
DA:263,0
DA:266,0
DA:267,0
DA:270,0
DA:271,0
DA:275,0
DA:276,0
DA:277,0
DA:285,0
DA:287,0
DA:288,0
DA:289,0
DA:293,0
DA:296,0
DA:297,0
DA:298,0
DA:305,0
DA:306,0
DA:317,0
DA:318,0
DA:322,0
DA:326,0
DA:328,0
DA:329,0
DA:340,0
DA:341,0
DA:344,0
DA:345,0
DA:348,0
LF:112
LH:0
BRDA:81,0,0,0
BRDA:81,0,1,0
BRDA:82,1,0,0
BRDA:82,1,1,0
BRDA:88,2,0,0
BRDA:88,2,1,0
BRDA:88,3,0,0
BRDA:88,3,1,0
BRDA:93,4,0,0
BRDA:93,4,1,0
BRDA:101,5,0,0
BRDA:101,5,1,0
BRDA:126,6,0,0
BRDA:126,6,1,0
BRDA:126,7,0,0
BRDA:126,7,1,0
BRDA:149,8,0,0
BRDA:149,8,1,0
BRDA:149,8,2,0
BRDA:149,8,3,0
BRDA:149,8,4,0
BRDA:170,9,0,0
BRDA:170,9,1,0
BRDA:203,10,0,0
BRDA:203,10,1,0
BRDA:203,11,0,0
BRDA:203,11,1,0
BRDA:211,12,0,0
BRDA:211,12,1,0
BRDA:211,13,0,0
BRDA:211,13,1,0
BRDA:213,14,0,0
BRDA:213,14,1,0
BRDA:228,15,0,0
BRDA:228,15,1,0
BRDA:235,16,0,0
BRDA:235,16,1,0
BRDA:242,17,0,0
BRDA:242,17,1,0
BRDA:242,18,0,0
BRDA:242,18,1,0
BRDA:276,19,0,0
BRDA:276,19,1,0
BRDA:288,20,0,0
BRDA:288,20,1,0
BRDA:305,21,0,0
BRDA:305,21,1,0
BRDA:313,22,0,0
BRDA:313,22,1,0
BRDA:336,23,0,0
BRDA:337,24,0,0
BRDA:338,25,0,0
BRDA:340,26,0,0
BRDA:340,26,1,0
BRDA:340,27,0,0
BRDA:340,27,1,0
BRDA:344,28,0,0
BRDA:344,28,1,0
BRDA:344,29,0,0
BRDA:344,29,1,0
BRF:60
BRH:0
end_of_record
TN:
SF:/Users/nrajlich/Code/zeit/now/packages/now-cli/src/commands/scale.js
FN:39,(anonymous_0)
FN:88,main
FN:251,(anonymous_2)
FN:302,(anonymous_3)
FNF:4
FNH:0
FNDA:0,(anonymous_0)
FNDA:0,main
FNDA:0,(anonymous_2)
FNDA:0,(anonymous_3)
DA:39,0
DA:40,0
DA:91,0
DA:92,0
DA:98,0
DA:99,0
DA:102,0
DA:103,0
DA:104,0
DA:111,0
DA:112,0
DA:113,0
DA:114,0
DA:117,0
DA:118,0
DA:119,0
DA:120,0
DA:122,0
DA:123,0
DA:125,0
DA:126,0
DA:127,0
DA:130,0
DA:134,0
DA:135,0
DA:140,0
DA:141,0
DA:145,0
DA:146,0
DA:151,0
DA:152,0
DA:153,0
DA:156,0
DA:157,0
DA:158,0
DA:161,0
DA:162,0
DA:164,0
DA:165,0
DA:168,0
DA:169,0
DA:172,0
DA:173,0
DA:174,0
DA:177,0
DA:178,0
DA:181,0
DA:182,0
DA:183,0
DA:186,0
DA:187,0
DA:189,0
DA:190,0
DA:193,0
DA:194,0
DA:196,0
DA:197,0
DA:200,0
DA:201,0
DA:205,0
DA:206,0
DA:211,0
DA:212,0
DA:214,0
DA:215,0
DA:220,0
DA:221,0
DA:223,0
DA:224,0
DA:227,0
DA:228,0
DA:231,0
DA:234,0
DA:235,0
DA:236,0
DA:237,0
DA:239,0
DA:240,0
DA:241,0
DA:242,0
DA:244,0
DA:245,0
DA:246,0
DA:247,0
DA:250,0
DA:251,0
DA:254,0
DA:259,0
DA:260,0
DA:267,0
DA:268,0
DA:271,0
DA:272,0
DA:274,0
DA:275,0
DA:278,0
DA:279,0
DA:281,0
DA:282,0
DA:283,0
DA:284,0
DA:286,0
DA:287,0
DA:290,0
DA:291,0
DA:292,0
DA:294,0
DA:295,0
DA:296,0
DA:297,0
DA:300,0
DA:302,0
DA:308,0
DA:309,0
DA:310,0
DA:314,0
DA:315,0
DA:320,0
DA:321,0
DA:327,0
DA:328,0
DA:332,0
DA:333,0
DA:335,0
DA:338,0
DA:339,0
LF:126
LH:0
BRDA:102,0,0,0
BRDA:102,0,1,0
BRDA:125,1,0,0
BRDA:125,1,1,0
BRDA:125,2,0,0
BRDA:125,2,1,0
BRDA:134,3,0,0
BRDA:134,3,1,0
BRDA:145,4,0,0
BRDA:145,4,1,0
BRDA:145,5,0,0
BRDA:145,5,1,0
BRDA:157,6,0,0
BRDA:157,6,1,0
BRDA:164,7,0,0
BRDA:164,7,1,0
BRDA:173,8,0,0
BRDA:173,8,1,0
BRDA:182,9,0,0
BRDA:182,9,1,0
BRDA:189,10,0,0
BRDA:189,10,1,0
BRDA:196,11,0,0
BRDA:196,11,1,0
BRDA:211,12,0,0
BRDA:211,12,1,0
BRDA:214,13,0,0
BRDA:214,13,1,0
BRDA:223,14,0,0
BRDA:223,14,1,0
BRDA:234,15,0,0
BRDA:234,15,1,0
BRDA:239,16,0,0
BRDA:239,16,1,0
BRDA:244,17,0,0
BRDA:244,17,1,0
BRDA:267,18,0,0
BRDA:267,18,1,0
BRDA:274,19,0,0
BRDA:274,19,1,0
BRDA:281,20,0,0
BRDA:281,20,1,0
BRDA:286,21,0,0
BRDA:286,21,1,0
BRDA:294,22,0,0
BRDA:294,22,1,0
BRDA:308,23,0,0
BRDA:308,23,1,0
BRDA:320,24,0,0
BRDA:320,24,1,0
BRDA:320,25,0,0
BRDA:320,25,1,0
BRDA:327,26,0,0
BRDA:327,26,1,0
BRF:54
BRH:0
end_of_record
TN:
SF:/Users/nrajlich/Code/zeit/now/packages/now-cli/src/commands/secrets.js
FN:18,(anonymous_0)
FN:82,(anonymous_1)
FN:132,(anonymous_2)
FN:141,run
FN:167,(anonymous_4)
FN:170,(anonymous_5)
FN:332,(anonymous_6)
FN:337,readConfirmation
FNF:8
FNH:0
FNDA:0,(anonymous_0)
FNDA:0,(anonymous_1)
FNDA:0,(anonymous_2)
FNDA:0,run
FNDA:0,(anonymous_4)
FNDA:0,(anonymous_5)
FNDA:0,(anonymous_6)
FNDA:0,readConfirmation
DA:18,0
DA:19,0
DA:82,0
DA:83,0
DA:93,0
DA:95,0
DA:96,0
DA:97,0
DA:98,0
DA:100,0
DA:101,0
DA:102,0
DA:108,0
DA:109,0
DA:110,0
DA:111,0
DA:113,0
DA:114,0
DA:116,0
DA:117,0
DA:118,0
DA:121,0
DA:124,0
DA:125,0
DA:127,0
DA:128,0
DA:133,0
DA:134,0
DA:136,0
DA:137,0
DA:142,0
DA:143,0
DA:144,0
DA:146,0
DA:147,0
DA:148,0
DA:153,0
DA:156,0
DA:157,0
DA:159,0
DA:165,0
DA:166,0
DA:167,0
DA:168,0
DA:170,0
DA:183,0
DA:184,0
DA:188,0
DA:189,0
DA:190,0
DA:197,0
DA:198,0
DA:200,0
DA:203,0
DA:204,0
DA:205,0
DA:212,0
DA:215,0
DA:217,0
DA:219,0
DA:220,0
DA:221,0
DA:222,0
DA:225,0
DA:232,0
DA:235,0
DA:236,0
DA:237,0
DA:242,0
DA:245,0
DA:246,0
DA:247,0
DA:254,0
DA:256,0
DA:257,0
DA:258,0
DA:265,0
DA:268,0
DA:269,0
DA:270,0
DA:278,0
DA:279,0
DA:280,0
DA:285,0
DA:288,0
DA:289,0
DA:291,0
DA:292,0
DA:299,0
DA:302,0
DA:303,0
DA:304,0
DA:307,0
DA:310,0
DA:311,0
DA:313,0
DA:314,0
DA:317,0
DA:322,0
DA:325,0
DA:328,0
DA:329,0
DA:332,0
DA:333,0
DA:334,0
DA:338,0
DA:339,0
DA:344,0
DA:349,0
DA:351,0
LF:110
LH:0
BRDA:100,0,0,0
BRDA:100,0,1,0
BRDA:100,1,0,0
BRDA:100,1,1,0
BRDA:116,2,0,0
BRDA:116,2,1,0
BRDA:116,3,0,0
BRDA:116,3,1,0
BRDA:146,4,0,0
BRDA:146,4,1,0
BRDA:146,5,0,0
BRDA:146,5,1,0
BRDA:147,6,0,0
BRDA:147,6,1,0
BRDA:160,7,0,0
BRDA:160,7,1,0
BRDA:165,8,0,0
BRDA:165,8,1,0
BRDA:183,9,0,0
BRDA:183,9,1,0
BRDA:188,10,0,0
BRDA:188,10,1,0
BRDA:188,11,0,0
BRDA:188,11,1,0
BRDA:203,12,0,0
BRDA:203,12,1,0
BRDA:203,13,0,0
BRDA:203,13,1,0
BRDA:204,14,0,0
BRDA:204,14,1,0
BRDA:217,15,0,0
BRDA:217,15,1,0
BRDA:219,16,0,0
BRDA:219,16,1,0
BRDA:220,17,0,0
BRDA:220,17,1,0
BRDA:245,18,0,0
BRDA:245,18,1,0
BRDA:246,19,0,0
BRDA:246,19,1,0
BRDA:268,20,0,0
BRDA:268,20,1,0
BRDA:268,21,0,0
BRDA:268,21,1,0
BRDA:269,22,0,0
BRDA:269,22,1,0
BRDA:278,23,0,0
BRDA:278,23,1,0
BRDA:292,24,0,0
BRDA:292,24,1,0
BRDA:293,25,0,0
BRDA:293,25,1,0
BRDA:293,25,2,0
BRDA:302,26,0,0
BRDA:302,26,1,0
BRDA:313,27,0,0
BRDA:313,27,1,0
BRF:57
BRH:0
end_of_record
TN:
SF:/Users/nrajlich/Code/zeit/now/packages/now-cli/src/commands/teams.js
FN:13,(anonymous_0)
FN:61,(anonymous_1)
FN:94,(anonymous_2)
FN:103,run
FNF:4
FNH:0
FNDA:0,(anonymous_0)
FNDA:0,(anonymous_1)
FNDA:0,(anonymous_2)
FNDA:0,run
DA:13,0
DA:14,0
DA:61,0
DA:62,0
DA:71,0
DA:72,0
DA:74,0
DA:76,0
DA:78,0
DA:79,0
DA:81,0
DA:84,0
DA:85,0
DA:86,0
DA:89,0
DA:91,0
DA:95,0
DA:96,0
DA:98,0
DA:99,0
DA:104,0
DA:105,0
DA:106,0
DA:109,0
DA:112,0
DA:118,0
DA:122,0
DA:129,0
DA:133,0
DA:134,0
DA:138,0
DA:145,0
DA:148,0
DA:149,0
DA:152,0
DA:154,0
DA:157,0
DA:158,0
LF:38
LH:0
BRDA:74,0,0,0
BRDA:74,0,1,0
BRDA:78,1,0,0
BRDA:78,1,1,0
BRDA:84,2,0,0
BRDA:84,2,1,0
BRDA:84,3,0,0
BRDA:84,3,1,0
BRDA:109,4,0,0
BRDA:109,4,1,0
BRDA:109,4,2,0
BRDA:109,4,3,0
BRDA:109,4,4,0
BRDA:109,4,5,0
BRDA:109,4,6,0
BRDA:109,4,7,0
BRDA:148,5,0,0
BRDA:148,5,1,0
BRDA:158,6,0,0
BRDA:158,6,1,0
BRF:20
BRH:0
end_of_record
TN:
SF:/Users/nrajlich/Code/zeit/now/packages/now-cli/src/commands/update.ts
FN:2,(anonymous_0)
FN:13,(anonymous_1)
FN:32,main
FNF:3
FNH:0
FNDA:0,(anonymous_0)
FNDA:0,(anonymous_1)
FNDA:0,main
DA:2,0
DA:3,0
DA:5,0
DA:6,0
DA:7,0
DA:8,0
DA:9,0
DA:10,0
DA:11,0
DA:12,0
DA:13,0
DA:14,0
DA:34,0
DA:35,0
DA:45,0
DA:46,0
DA:48,0
DA:49,0
DA:50,0
DA:52,0
DA:53,0
DA:54,0
DA:55,0
DA:57,0
LF:24
LH:0
BRDA:2,0,0,0
BRDA:2,0,1,0
BRDA:2,0,2,0
BRDA:3,1,0,0
BRDA:3,1,1,0
BRDA:3,2,0,0
BRDA:3,2,1,0
BRDA:48,3,0,0
BRDA:48,3,1,0
BRF:9
BRH:0
end_of_record
TN:
SF:/Users/nrajlich/Code/zeit/now/packages/now-cli/src/commands/whoami.js
FN:9,(anonymous_0)
FN:38,(anonymous_1)
FN:77,(anonymous_2)
FN:86,whoami
FNF:4
FNH:0
FNDA:0,(anonymous_0)
FNDA:0,(anonymous_1)
FNDA:0,(anonymous_2)
FNDA:0,whoami
DA:9,0
DA:10,0
DA:38,0
DA:39,0
DA:47,0
DA:49,0
DA:50,0
DA:51,0
DA:54,0
DA:58,0
DA:59,0
DA:60,0
DA:61,0
DA:63,0
DA:64,0
DA:66,0
DA:67,0
DA:68,0
DA:71,0
DA:74,0
DA:78,0
DA:79,0
DA:81,0
DA:82,0
DA:87,0
DA:88,0
DA:91,0
LF:27
LH:0
BRDA:49,0,0,0
BRDA:49,0,1,0
BRDA:49,1,0,0
BRDA:49,1,1,0
BRDA:66,2,0,0
BRDA:66,2,1,0
BRDA:66,3,0,0
BRDA:66,3,1,0
BRDA:87,4,0,0
BRDA:87,4,1,0
BRF:10
BRH:0
end_of_record
TN:
SF:/Users/nrajlich/Code/zeit/now/packages/now-cli/src/commands/alias/index.js
FN:15,(anonymous_0)
FN:100,main
FNF:2
FNH:0
FNDA:0,(anonymous_0)
FNDA:0,main
DA:15,0
DA:16,0
DA:93,0
DA:103,0
DA:104,0
DA:116,0
DA:117,0
DA:120,0
DA:121,0
DA:122,0
DA:125,0
DA:126,0
DA:128,0
DA:130,0
DA:132,0
DA:134,0
LF:16
LH:0
BRDA:120,0,0,0
BRDA:120,0,1,0
BRDA:128,1,0,0
BRDA:128,1,1,0
BRDA:128,1,2,0
BRF:5
BRH:0
end_of_record
TN:
SF:/Users/nrajlich/Code/zeit/now/packages/now-cli/src/commands/alias/ls.js
FN:14,ls
FN:81,(anonymous_1)
FN:119,printAliasTable
FN:122,(anonymous_3)
FN:123,(anonymous_4)
FN:144,printPathAliasTable
FN:145,(anonymous_6)
FN:148,(anonymous_7)
FNF:8
FNH:0
FNDA:0,ls
FNDA:0,(anonymous_1)
FNDA:0,printAliasTable
FNDA:0,(anonymous_3)
FNDA:0,(anonymous_4)
FNDA:0,printPathAliasTable
FNDA:0,(anonymous_6)
FNDA:0,(anonymous_7)
DA:18,0
DA:19,0
DA:20,0
DA:21,0
DA:22,0
DA:28,0
DA:30,0
DA:31,0
DA:33,0
DA:34,0
DA:35,0
DA:38,0
DA:41,0
DA:42,0
DA:43,0
DA:46,0
DA:52,0
DA:55,0
DA:56,0
DA:61,0
DA:64,0
DA:72,0
DA:77,0
DA:79,0
DA:80,0
DA:81,0
DA:83,0
DA:84,0
DA:85,0
DA:86,0
DA:89,0
DA:90,0
DA:92,0
DA:93,0
DA:99,0
DA:102,0
DA:103,0
DA:106,0
DA:107,0
DA:108,0
DA:115,0
DA:116,0
DA:120,0
DA:122,0
DA:123,0
DA:145,0
DA:146,0
DA:148,0
LF:48
LH:0
BRDA:33,0,0,0
BRDA:33,0,1,0
BRDA:33,1,0,0
BRDA:33,1,1,0
BRDA:41,2,0,0
BRDA:41,2,1,0
BRDA:41,3,0,0
BRDA:41,3,1,0
BRDA:55,4,0,0
BRDA:55,4,1,0
BRDA:65,5,0,0
BRDA:65,5,1,0
BRDA:77,6,0,0
BRDA:77,6,1,0
BRDA:79,7,0,0
BRDA:79,7,1,0
BRDA:81,8,0,0
BRDA:81,8,1,0
BRDA:83,9,0,0
BRDA:83,9,1,0
BRDA:89,10,0,0
BRDA:89,10,1,0
BRDA:92,11,0,0
BRDA:92,11,1,0
BRDA:106,12,0,0
BRDA:106,12,1,0
BRDA:106,13,0,0
BRDA:106,13,1,0
BRDA:124,14,0,0
BRDA:124,14,1,0
BRDA:124,15,0,0
BRDA:124,15,1,0
BRDA:129,16,0,0
BRDA:129,16,1,0
BRDA:129,17,0,0
BRDA:129,17,1,0
BRDA:149,18,0,0
BRDA:149,18,1,0
BRDA:150,19,0,0
BRDA:150,19,1,0
BRF:40
BRH:0
end_of_record
TN:
SF:/Users/nrajlich/Code/zeit/now/packages/now-cli/src/commands/alias/rm.js
FN:15,rm
FN:90,confirmAliasRemove
FNF:2
FNH:0
FNDA:0,rm
FNDA:0,confirmAliasRemove
DA:19,0
DA:20,0
DA:21,0
DA:22,0
DA:23,0
DA:29,0
DA:31,0
DA:32,0
DA:34,0
DA:35,0
DA:36,0
DA:39,0
DA:43,0
DA:44,0
DA:46,0
DA:47,0
DA:52,0
DA:55,0
DA:56,0
DA:57,0
DA:61,0
DA:62,0
DA:63,0
DA:66,0
DA:67,0
DA:68,0
DA:71,0
DA:72,0
DA:75,0
DA:76,0
DA:77,0
DA:78,0
DA:81,0
DA:82,0
DA:87,0
DA:91,0
DA:94,0
DA:109,0
DA:110,0
DA:111,0
LF:40
LH:0
BRDA:34,0,0,0
BRDA:34,0,1,0
BRDA:34,1,0,0
BRDA:34,1,1,0
BRDA:46,2,0,0
BRDA:46,2,1,0
BRDA:55,3,0,0
BRDA:55,3,1,0
BRDA:61,4,0,0
BRDA:61,4,1,0
BRDA:67,5,0,0
BRDA:67,5,1,0
BRDA:76,6,0,0
BRDA:76,6,1,0
BRDA:76,7,0,0
BRDA:76,7,1,0
BRDA:91,8,0,0
BRDA:91,8,1,0
BRDA:97,9,0,0
BRDA:97,9,1,0
BRF:20
BRH:0
end_of_record
TN:
SF:/Users/nrajlich/Code/zeit/now/packages/now-cli/src/commands/alias/set.ts
FN:2,(anonymous_0)
FN:5,(anonymous_1)
FN:32,set
FN:153,handleSetupDomainError
FN:226,handleCreateAliasError
FNF:5
FNH:0
FNDA:0,(anonymous_0)
FNDA:0,(anonymous_1)
FNDA:0,set
FNDA:0,handleSetupDomainError
FNDA:0,handleCreateAliasError
DA:2,0
DA:3,0
DA:5,0
DA:6,0
DA:7,0
DA:8,0
DA:9,0
DA:10,0
DA:12,0
DA:13,0
DA:14,0
DA:15,0
DA:16,0
DA:17,0
DA:18,0
DA:19,0
DA:20,0
DA:21,0
DA:22,0
DA:23,0
DA:24,0
DA:25,0
DA:26,0
DA:27,0
DA:28,0
DA:29,0
DA:30,0
DA:31,0
DA:33,0
DA:34,0
DA:35,0
DA:36,0
DA:37,0
DA:38,0
DA:45,0
DA:46,0
DA:47,0
DA:50,0
DA:51,0
DA:52,0
DA:54,0
DA:57,0
DA:58,0
DA:59,0
DA:61,0
DA:62,0
DA:63,0
DA:65,0
DA:66,0
DA:67,0
DA:70,0
DA:71,0
DA:72,0
DA:73,0
DA:74,0
DA:76,0
DA:77,0
DA:78,0
DA:79,0
DA:81,0
DA:82,0
DA:83,0
DA:84,0
DA:87,0
DA:88,0
DA:89,0
DA:91,0
DA:92,0
DA:93,0
DA:96,0
DA:97,0
DA:98,0
DA:99,0
DA:101,0
DA:102,0
DA:103,0
DA:105,0
DA:107,0
DA:108,0
DA:109,0
DA:110,0
DA:111,0
DA:112,0
DA:115,0
DA:118,0
DA:119,0
DA:120,0
DA:122,0
DA:123,0
DA:124,0
DA:126,0
DA:127,0
DA:128,0
DA:130,0
DA:131,0
DA:132,0
DA:134,0
DA:135,0
DA:136,0
DA:139,0
DA:140,0
DA:141,0
DA:142,0
DA:143,0
DA:144,0
DA:145,0
DA:147,0
DA:148,0
DA:150,0
DA:152,0
DA:154,0
DA:156,0
DA:157,0
DA:158,0
DA:159,0
DA:160,0
DA:161,0
DA:162,0
DA:163,0
DA:164,0
DA:165,0
DA:168,0
DA:170,0
DA:171,0
DA:173,0
DA:174,0
DA:175,0
DA:177,0
DA:178,0
DA:179,0
DA:181,0
DA:182,0
DA:183,0
DA:185,0
DA:186,0
DA:187,0
DA:189,0
DA:190,0
DA:191,0
DA:193,0
DA:194,0
DA:195,0
DA:197,0
DA:198,0
DA:199,0
DA:201,0
DA:202,0
DA:203,0
DA:205,0
DA:206,0
DA:207,0
DA:209,0
DA:210,0
DA:211,0
DA:212,0
DA:214,0
DA:215,0
DA:216,0
DA:217,0
DA:219,0
DA:220,0
DA:221,0
DA:222,0
DA:224,0
DA:227,0
DA:228,0
DA:229,0
DA:231,0
DA:232,0
DA:233,0
DA:235,0
DA:236,0
DA:237,0
DA:239,0
DA:240,0
DA:241,0
DA:243,0
DA:244,0
DA:245,0
DA:247,0
DA:248,0
DA:249,0
DA:250,0
DA:252,0
DA:253,0
DA:254,0
DA:255,0
DA:257,0
DA:258,0
DA:259,0
DA:260,0
DA:261,0
DA:263,0
DA:264,0
DA:265,0
DA:266,0
DA:268,0
DA:269,0
DA:270,0
DA:272,0
DA:273,0
DA:274,0
DA:275,0
DA:277,0
DA:278,0
DA:279,0
DA:280,0
DA:282,0
DA:283,0
DA:284,0
DA:286,0
DA:289,0
DA:290,0
DA:292,0
DA:293,0
DA:294,0
DA:296,0
LF:217
LH:0
BRDA:2,0,0,0
BRDA:2,0,1,0
BRDA:2,0,2,0
BRDA:3,1,0,0
BRDA:3,1,1,0
BRDA:3,2,0,0
BRDA:3,2,1,0
BRDA:5,3,0,0
BRDA:5,3,1,0
BRDA:5,3,2,0
BRDA:6,4,0,0
BRDA:6,4,1,0
BRDA:6,5,0,0
BRDA:6,5,1,0
BRDA:8,6,0,0
BRDA:8,6,1,0
BRDA:8,7,0,0
BRDA:8,7,1,0
BRDA:50,8,0,0
BRDA:50,8,1,0
BRDA:50,9,0,0
BRDA:50,9,1,0
BRDA:57,10,0,0
BRDA:57,10,1,0
BRDA:61,11,0,0
BRDA:61,11,1,0
BRDA:61,12,0,0
BRDA:61,12,1,0
BRDA:65,13,0,0
BRDA:65,13,1,0
BRDA:65,14,0,0
BRDA:65,14,1,0
BRDA:71,15,0,0
BRDA:71,15,1,0
BRDA:76,16,0,0
BRDA:76,16,1,0
BRDA:81,17,0,0
BRDA:81,17,1,0
BRDA:87,18,0,0
BRDA:87,18,1,0
BRDA:87,19,0,0
BRDA:87,19,1,0
BRDA:91,20,0,0
BRDA:91,20,1,0
BRDA:91,21,0,0
BRDA:91,21,1,0
BRDA:97,22,0,0
BRDA:97,22,1,0
BRDA:101,23,0,0
BRDA:101,23,1,0
BRDA:105,24,0,0
BRDA:105,24,1,0
BRDA:111,25,0,0
BRDA:111,25,1,0
BRDA:119,26,0,0
BRDA:119,26,1,0
BRDA:122,27,0,0
BRDA:122,27,1,0
BRDA:126,28,0,0
BRDA:126,28,1,0
BRDA:130,29,0,0
BRDA:130,29,1,0
BRDA:134,30,0,0
BRDA:134,30,1,0
BRDA:144,31,0,0
BRDA:144,31,1,0
BRDA:147,32,0,0
BRDA:147,32,1,0
BRDA:153,33,0,0
BRDA:154,34,0,0
BRDA:154,34,1,0
BRDA:154,35,0,0
BRDA:154,35,1,0
BRDA:160,36,0,0
BRDA:160,36,1,0
BRDA:160,37,0,0
BRDA:160,37,1,0
BRDA:173,38,0,0
BRDA:173,38,1,0
BRDA:177,39,0,0
BRDA:177,39,1,0
BRDA:181,40,0,0
BRDA:181,40,1,0
BRDA:185,41,0,0
BRDA:185,41,1,0
BRDA:189,42,0,0
BRDA:189,42,1,0
BRDA:193,43,0,0
BRDA:193,43,1,0
BRDA:197,44,0,0
BRDA:197,44,1,0
BRDA:201,45,0,0
BRDA:201,45,1,0
BRDA:205,46,0,0
BRDA:205,46,1,0
BRDA:209,47,0,0
BRDA:209,47,1,0
BRDA:214,48,0,0
BRDA:214,48,1,0
BRDA:219,49,0,0
BRDA:219,49,1,0
BRDA:228,50,0,0
BRDA:228,50,1,0
BRDA:231,51,0,0
BRDA:231,51,1,0
BRDA:235,52,0,0
BRDA:235,52,1,0
BRDA:239,53,0,0
BRDA:239,53,1,0
BRDA:243,54,0,0
BRDA:243,54,1,0
BRDA:247,55,0,0
BRDA:247,55,1,0
BRDA:252,56,0,0
BRDA:252,56,1,0
BRDA:257,57,0,0
BRDA:257,57,1,0
BRDA:263,58,0,0
BRDA:263,58,1,0
BRDA:268,59,0,0
BRDA:268,59,1,0
BRDA:272,60,0,0
BRDA:272,60,1,0
BRDA:277,61,0,0
BRDA:277,61,1,0
BRDA:282,62,0,0
BRDA:282,62,1,0
BRDA:286,63,0,0
BRDA:286,63,1,0
BRDA:286,64,0,0
BRDA:286,64,1,0
BRDA:286,64,2,0
BRDA:292,65,0,0
BRDA:292,65,1,0
BRF:134
BRH:0
end_of_record
TN:
SF:/Users/nrajlich/Code/zeit/now/packages/now-cli/src/commands/billing/add.js
FN:12,(anonymous_0)
FN:14,(anonymous_1)
FN:24,(anonymous_2)
FN:31,(anonymous_3)
FN:32,(anonymous_4)
FN:46,(anonymous_5)
FN:57,(anonymous_6)
FN:61,render
FNF:8
FNH:0
FNDA:0,(anonymous_0)
FNDA:0,(anonymous_1)
FNDA:0,(anonymous_2)
FNDA:0,(anonymous_3)
FNDA:0,(anonymous_4)
FNDA:0,(anonymous_5)
FNDA:0,(anonymous_6)
FNDA:0,render
DA:12,0
DA:15,0
DA:24,0
DA:31,0
DA:33,0
DA:34,0
DA:35,0
DA:36,0
DA:38,0
DA:47,0
DA:48,0
DA:57,0
DA:62,0
DA:63,0
DA:64,0
DA:67,0
DA:69,0
DA:70,0
DA:71,0
DA:74,0
DA:76,0
DA:86,0
DA:88,0
DA:89,0
DA:90,0
DA:92,0
DA:93,0
DA:95,0
DA:98,0
DA:99,0
DA:100,0
DA:103,0
DA:104,0
DA:109,0
DA:110,0
DA:111,0
DA:112,0
DA:116,0
DA:121,0
DA:122,0
DA:124,0
DA:130,0
DA:131,0
DA:133,0
DA:134,0
DA:141,0
DA:143,0
DA:144,0
DA:145,0
DA:148,0
DA:156,0
DA:157,0
DA:158,0
DA:159,0
DA:162,0
DA:166,0
DA:167,0
DA:169,0
LF:58
LH:0
BRDA:14,0,0,0
BRDA:31,1,0,0
BRDA:31,1,1,0
BRDA:35,2,0,0
BRDA:35,2,1,0
BRDA:63,3,0,0
BRDA:63,3,1,0
BRDA:69,4,0,0
BRDA:69,4,1,0
BRDA:71,5,0,0
BRDA:71,5,1,0
BRDA:78,6,0,0
BRDA:78,6,1,0
BRDA:88,7,0,0
BRDA:88,7,1,0
BRDA:92,8,0,0
BRDA:92,8,1,0
BRDA:103,9,0,0
BRDA:103,9,1,0
BRDA:109,10,0,0
BRDA:109,10,1,0
BRDA:121,11,0,0
BRDA:121,11,1,0
BRDA:143,12,0,0
BRDA:143,12,1,0
BRDA:144,13,0,0
BRDA:144,13,1,0
BRDA:150,14,0,0
BRDA:150,14,1,0
BRDA:151,15,0,0
BRDA:151,15,1,0
BRDA:157,16,0,0
BRDA:157,16,1,0
BRF:33
BRH:0
end_of_record
TN:
SF:/Users/nrajlich/Code/zeit/now/packages/now-cli/src/commands/billing/index.js
FN:19,(anonymous_0)
FN:58,(anonymous_1)
FN:87,buildInquirerChoices
FN:88,(anonymous_3)
FN:108,run
FN:141,(anonymous_5)
FN:229,(anonymous_6)
FN:300,(anonymous_7)
FN:301,(anonymous_8)
FN:316,(anonymous_9)
FNF:10
FNH:0
FNDA:0,(anonymous_0)
FNDA:0,(anonymous_1)
FNDA:0,buildInquirerChoices
FNDA:0,(anonymous_3)
FNDA:0,run
FNDA:0,(anonymous_5)
FNDA:0,(anonymous_6)
FNDA:0,(anonymous_7)
FNDA:0,(anonymous_8)
FNDA:0,(anonymous_9)
DA:19,0
DA:20,0
DA:59,0
DA:67,0
DA:69,0
DA:70,0
DA:71,0
DA:73,0
DA:74,0
DA:75,0
DA:81,0
DA:83,0
DA:88,0
DA:90,0
DA:91,0
DA:92,0
DA:94,0
DA:100,0
DA:109,0
DA:110,0
DA:111,0
DA:112,0
DA:113,0
DA:115,0
DA:116,0
DA:118,0
DA:119,0
DA:120,0
DA:123,0
DA:126,0
DA:128,0
DA:133,0
DA:134,0
DA:136,0
DA:137,0
DA:140,0
DA:143,0
DA:146,0
DA:149,0
DA:152,0
DA:160,0
DA:161,0
DA:168,0
DA:169,0
DA:172,0
DA:176,0
DA:177,0
DA:178,0
DA:181,0
DA:184,0
DA:185,0
DA:187,0
DA:188,0
DA:191,0
DA:192,0
DA:193,0
DA:196,0
DA:198,0
DA:199,0
DA:200,0
DA:203,0
DA:205,0
DA:215,0
DA:216,0
DA:217,0
DA:221,0
DA:222,0
DA:223,0
DA:226,0
DA:227,0
DA:229,0
DA:230,0
DA:231,0
DA:238,0
DA:241,0
DA:246,0
DA:247,0
DA:248,0
DA:251,0
DA:253,0
DA:254,0
DA:256,0
DA:257,0
DA:260,0
DA:261,0
DA:268,0
DA:271,0
DA:273,0
DA:274,0
DA:275,0
DA:278,0
DA:280,0
DA:290,0
DA:291,0
DA:292,0
DA:293,0
DA:294,0
DA:295,0
DA:297,0
DA:298,0
DA:300,0
DA:301,0
DA:303,0
DA:308,0
DA:309,0
DA:311,0
DA:314,0
DA:315,0
DA:316,0
DA:319,0
DA:327,0
DA:328,0
DA:329,0
DA:331,0
DA:334,0
DA:338,0
DA:343,0
DA:347,0
DA:350,0
DA:351,0
DA:355,0
LF:121
LH:0
BRDA:73,0,0,0
BRDA:73,0,1,0
BRDA:73,1,0,0
BRDA:73,1,1,0
BRDA:90,2,0,0
BRDA:90,2,1,0
BRDA:92,3,0,0
BRDA:92,3,1,0
BRDA:96,4,0,0
BRDA:96,4,1,0
BRDA:97,5,0,0
BRDA:97,5,1,0
BRDA:118,6,0,0
BRDA:118,6,1,0
BRDA:118,7,0,0
BRDA:118,7,1,0
BRDA:128,8,0,0
BRDA:128,8,1,0
BRDA:128,8,2,0
BRDA:128,8,3,0
BRDA:128,8,4,0
BRDA:128,8,5,0
BRDA:128,8,6,0
BRDA:143,9,0,0
BRDA:143,9,1,0
BRDA:149,10,0,0
BRDA:149,10,1,0
BRDA:154,11,0,0
BRDA:154,11,1,0
BRDA:155,12,0,0
BRDA:155,12,1,0
BRDA:168,13,0,0
BRDA:168,13,1,0
BRDA:176,14,0,0
BRDA:176,14,1,0
BRDA:191,15,0,0
BRDA:191,15,1,0
BRDA:198,16,0,0
BRDA:198,16,1,0
BRDA:215,17,0,0
BRDA:215,17,1,0
BRDA:221,18,0,0
BRDA:221,18,1,0
BRDA:233,19,0,0
BRDA:233,19,1,0
BRDA:233,20,0,0
BRDA:233,20,1,0
BRDA:246,21,0,0
BRDA:246,21,1,0
BRDA:260,22,0,0
BRDA:260,22,1,0
BRDA:273,23,0,0
BRDA:273,23,1,0
BRDA:290,24,0,0
BRDA:290,24,1,0
BRDA:293,25,0,0
BRDA:293,25,1,0
BRDA:303,26,0,0
BRDA:303,26,1,0
BRDA:304,27,0,0
BRDA:304,27,1,0
BRDA:308,28,0,0
BRDA:308,28,1,0
BRDA:309,29,0,0
BRDA:309,29,1,0
BRDA:319,30,0,0
BRDA:319,30,1,0
BRDA:320,31,0,0
BRDA:320,31,1,0
BRF:69
BRH:0
end_of_record
TN:
SF:/Users/nrajlich/Code/zeit/now/packages/now-cli/src/commands/certs/add.ts
FN:2,(anonymous_0)
FN:14,add
FN:64,(anonymous_2)
FNF:3
FNH:0
FNDA:0,(anonymous_0)
FNDA:0,add
FNDA:0,(anonymous_2)
DA:2,0
DA:3,0
DA:5,0
DA:6,0
DA:8,0
DA:9,0
DA:10,0
DA:11,0
DA:12,0
DA:13,0
DA:15,0
DA:16,0
DA:17,0
DA:18,0
DA:20,0
DA:21,0
DA:22,0
DA:28,0
DA:29,0
DA:32,0
DA:33,0
DA:34,0
DA:36,0
DA:39,0
DA:40,0
DA:41,0
DA:42,0
DA:43,0
DA:45,0
DA:46,0
DA:47,0
DA:48,0
DA:49,0
DA:50,0
DA:53,0
DA:56,0
DA:57,0
DA:58,0
DA:59,0
DA:60,0
DA:61,0
DA:64,0
DA:65,0
DA:66,0
DA:67,0
DA:69,0
DA:70,0
DA:71,0
DA:75,0
DA:77,0
DA:79,0
LF:51
LH:0
BRDA:2,0,0,0
BRDA:2,0,1,0
BRDA:2,0,2,0
BRDA:3,1,0,0
BRDA:3,1,1,0
BRDA:3,2,0,0
BRDA:3,2,1,0
BRDA:32,3,0,0
BRDA:32,3,1,0
BRDA:32,4,0,0
BRDA:32,4,1,0
BRDA:40,5,0,0
BRDA:40,5,1,0
BRDA:45,6,0,0
BRDA:45,6,1,0
BRDA:45,7,0,0
BRDA:45,7,1,0
BRDA:45,7,2,0
BRDA:46,8,0,0
BRDA:46,8,1,0
BRDA:46,9,0,0
BRDA:46,9,1,0
BRDA:46,9,2,0
BRDA:46,9,3,0
BRDA:57,10,0,0
BRDA:57,10,1,0
BRDA:69,11,0,0
BRDA:69,11,1,0
BRF:28
BRH:0
end_of_record
TN:
SF:/Users/nrajlich/Code/zeit/now/packages/now-cli/src/commands/certs/index.ts
FN:2,(anonymous_0)
FN:17,(anonymous_1)
FN:66,main
FNF:3
FNH:0
FNDA:0,(anonymous_0)
FNDA:0,(anonymous_1)
FNDA:0,main
DA:2,0
DA:3,0
DA:5,0
DA:6,0
DA:8,0
DA:9,0
DA:10,0
DA:11,0
DA:12,0
DA:13,0
DA:14,0
DA:15,0
DA:16,0
DA:17,0
DA:18,0
DA:59,0
DA:68,0
DA:69,0
DA:81,0
DA:82,0
DA:84,0
DA:85,0
DA:86,0
DA:88,0
DA:89,0
DA:90,0
DA:92,0
DA:94,0
DA:96,0
DA:98,0
DA:100,0
DA:101,0
DA:103,0
DA:104,0
DA:105,0
DA:108,0
LF:36
LH:0
BRDA:2,0,0,0
BRDA:2,0,1,0
BRDA:2,0,2,0
BRDA:3,1,0,0
BRDA:3,1,1,0
BRDA:3,2,0,0
BRDA:3,2,1,0
BRDA:84,3,0,0
BRDA:84,3,1,0
BRDA:90,4,0,0
BRDA:90,4,1,0
BRDA:90,4,2,0
BRDA:90,4,3,0
BRDA:90,4,4,0
BRDA:90,4,5,0
BRF:15
BRH:0
end_of_record
TN:
SF:/Users/nrajlich/Code/zeit/now/packages/now-cli/src/commands/certs/issue.ts
FN:2,(anonymous_0)
FN:5,(anonymous_1)
FN:26,issue
FN:107,runStartOrder
FN:109,(anonymous_4)
FN:121,(anonymous_5)
FNF:6
FNH:0
FNDA:0,(anonymous_0)
FNDA:0,(anonymous_1)
FNDA:0,issue
FNDA:0,runStartOrder
FNDA:0,(anonymous_4)
FNDA:0,(anonymous_5)
DA:2,0
DA:3,0
DA:5,0
DA:6,0
DA:7,0
DA:8,0
DA:9,0
DA:10,0
DA:12,0
DA:13,0
DA:14,0
DA:15,0
DA:16,0
DA:17,0
DA:18,0
DA:19,0
DA:20,0
DA:21,0
DA:22,0
DA:23,0
DA:24,0
DA:25,0
DA:27,0
DA:28,0
DA:29,0
DA:30,0
DA:32,0
DA:33,0
DA:39,0
DA:40,0
DA:41,0
DA:44,0
DA:45,0
DA:46,0
DA:48,0
DA:50,0
DA:51,0
DA:52,0
DA:54,0
DA:55,0
DA:56,0
DA:57,0
DA:58,0
DA:61,0
DA:62,0
DA:63,0
DA:64,0
DA:67,0
DA:68,0
DA:70,0
DA:71,0
DA:72,0
DA:73,0
DA:75,0
DA:78,0
DA:79,0
DA:83,0
DA:84,0
DA:85,0
DA:87,0
DA:88,0
DA:90,0
DA:95,0
DA:96,0
DA:97,0
DA:99,0
DA:100,0
DA:101,0
DA:103,0
DA:104,0
DA:106,0
DA:108,0
DA:109,0
DA:110,0
DA:111,0
DA:113,0
DA:114,0
DA:115,0
DA:116,0
DA:117,0
DA:119,0
DA:120,0
DA:121,0
DA:122,0
DA:123,0
DA:124,0
DA:126,0
DA:134,0
DA:135,0
DA:136,0
DA:137,0
DA:138,0
DA:139,0
LF:93
LH:0
BRDA:2,0,0,0
BRDA:2,0,1,0
BRDA:2,0,2,0
BRDA:3,1,0,0
BRDA:3,1,1,0
BRDA:3,2,0,0
BRDA:3,2,1,0
BRDA:5,3,0,0
BRDA:5,3,1,0
BRDA:5,3,2,0
BRDA:6,4,0,0
BRDA:6,4,1,0
BRDA:6,5,0,0
BRDA:6,5,1,0
BRDA:8,6,0,0
BRDA:8,6,1,0
BRDA:8,7,0,0
BRDA:8,7,1,0
BRDA:44,8,0,0
BRDA:44,8,1,0
BRDA:44,9,0,0
BRDA:44,9,1,0
BRDA:50,10,0,0
BRDA:50,10,1,0
BRDA:54,11,0,0
BRDA:54,11,1,0
BRDA:54,12,0,0
BRDA:54,12,1,0
BRDA:54,12,2,0
BRDA:55,13,0,0
BRDA:55,13,1,0
BRDA:55,14,0,0
BRDA:55,14,1,0
BRDA:55,14,2,0
BRDA:55,14,3,0
BRDA:62,15,0,0
BRDA:62,15,1,0
BRDA:70,16,0,0
BRDA:70,16,1,0
BRDA:78,17,0,0
BRDA:78,17,1,0
BRDA:84,18,0,0
BRDA:84,18,1,0
BRDA:87,19,0,0
BRDA:87,19,1,0
BRDA:88,20,0,0
BRDA:88,20,1,0
BRDA:96,21,0,0
BRDA:96,21,1,0
BRDA:99,22,0,0
BRDA:99,22,1,0
BRDA:107,23,0,0
BRDA:107,24,0,0
BRDA:110,25,0,0
BRDA:110,25,1,0
BRDA:113,26,0,0
BRDA:113,26,1,0
BRDA:123,27,0,0
BRDA:123,27,1,0
BRDA:127,28,0,0
BRDA:127,28,1,0
BRF:61
BRH:0
end_of_record
TN:
SF:/Users/nrajlich/Code/zeit/now/packages/now-cli/src/commands/certs/ls.ts
FN:2,(anonymous_0)
FN:18,ls
FN:46,(anonymous_2)
FN:57,formatCertsTable
FN:64,formatCertsTableHead
FN:73,formatCertsTableBody
FN:75,(anonymous_6)
FN:77,formatCert
FN:78,(anonymous_8)
FN:82,formatCertNonFirstCn
FN:85,formatCertCn
FN:88,formatCertFirstCn
FN:97,formatExpirationDate
FNF:13
FNH:0
FNDA:0,(anonymous_0)
FNDA:0,ls
FNDA:0,(anonymous_2)
FNDA:0,formatCertsTable
FNDA:0,formatCertsTableHead
FNDA:0,formatCertsTableBody
FNDA:0,(anonymous_6)
FNDA:0,formatCert
FNDA:0,(anonymous_8)
FNDA:0,formatCertNonFirstCn
FNDA:0,formatCertCn
FNDA:0,formatCertFirstCn
FNDA:0,formatExpirationDate
DA:2,0
DA:3,0
DA:5,0
DA:6,0
DA:7,0
DA:8,0
DA:10,0
DA:11,0
DA:12,0
DA:13,0
DA:14,0
DA:15,0
DA:16,0
DA:17,0
DA:19,0
DA:20,0
DA:21,0
DA:22,0
DA:23,0
DA:24,0
DA:25,0
DA:26,0
DA:29,0
DA:30,0
DA:31,0
DA:33,0
DA:35,0
DA:36,0
DA:37,0
DA:39,0
DA:40,0
DA:41,0
DA:42,0
DA:43,0
DA:46,0
DA:47,0
DA:48,0
DA:49,0
DA:51,0
DA:52,0
DA:53,0
DA:55,0
DA:58,0
DA:65,0
DA:74,0
DA:75,0
DA:78,0
DA:83,0
DA:86,0
DA:89,0
DA:98,0
DA:99,0
DA:103,0
LF:53
LH:0
BRDA:2,0,0,0
BRDA:2,0,1,0
BRDA:2,0,2,0
BRDA:3,1,0,0
BRDA:3,1,1,0
BRDA:3,2,0,0
BRDA:3,2,1,0
BRDA:29,3,0,0
BRDA:29,3,1,0
BRDA:29,4,0,0
BRDA:29,4,1,0
BRDA:35,5,0,0
BRDA:35,5,1,0
BRDA:35,6,0,0
BRDA:35,6,1,0
BRDA:41,7,0,0
BRDA:41,7,1,0
BRDA:47,8,0,0
BRDA:47,8,1,0
BRDA:48,9,0,0
BRDA:48,9,1,0
BRDA:51,10,0,0
BRDA:51,10,1,0
BRDA:51,11,0,0
BRDA:51,11,1,0
BRDA:78,12,0,0
BRDA:78,12,1,0
BRDA:86,13,0,0
BRDA:86,13,1,0
BRDA:93,14,0,0
BRDA:93,14,1,0
BRDA:99,15,0,0
BRDA:99,15,1,0
BRF:33
BRH:0
end_of_record
TN:
SF:/Users/nrajlich/Code/zeit/now/packages/now-cli/src/commands/certs/rm.ts
FN:2,(anonymous_0)
FN:5,(anonymous_1)
FN:25,rm
FN:61,(anonymous_3)
FN:65,getCertsToDelete
FN:76,readConfirmation
FN:77,(anonymous_6)
FN:85,(anonymous_7)
FN:95,formatCertRow
FNF:9
FNH:0
FNDA:0,(anonymous_0)
FNDA:0,(anonymous_1)
FNDA:0,rm
FNDA:0,(anonymous_3)
FNDA:0,getCertsToDelete
FNDA:0,readConfirmation
FNDA:0,(anonymous_6)
FNDA:0,(anonymous_7)
FNDA:0,formatCertRow
DA:2,0
DA:3,0
DA:5,0
DA:6,0
DA:7,0
DA:8,0
DA:9,0
DA:10,0
DA:12,0
DA:13,0
DA:14,0
DA:15,0
DA:16,0
DA:17,0
DA:18,0
DA:19,0
DA:20,0
DA:21,0
DA:22,0
DA:23,0
DA:24,0
DA:26,0
DA:27,0
DA:28,0
DA:29,0
DA:30,0
DA:31,0
DA:32,0
DA:33,0
DA:34,0
DA:37,0
DA:38,0
DA:39,0
DA:41,0
DA:43,0
DA:44,0
DA:45,0
DA:47,0
DA:48,0
DA:49,0
DA:50,0
DA:51,0
DA:53,0
DA:54,0
DA:55,0
DA:57,0
DA:58,0
DA:59,0
DA:61,0
DA:62,0
DA:63,0
DA:66,0
DA:67,0
DA:68,0
DA:69,0
DA:70,0
DA:72,0
DA:74,0
DA:77,0
DA:78,0
DA:79,0
DA:83,0
DA:84,0
DA:86,0
DA:87,0
DA:96,0
DA:104,0
LF:67
LH:0
BRDA:2,0,0,0
BRDA:2,0,1,0
BRDA:2,0,2,0
BRDA:3,1,0,0
BRDA:3,1,1,0
BRDA:3,2,0,0
BRDA:3,2,1,0
BRDA:5,3,0,0
BRDA:5,3,1,0
BRDA:5,3,2,0
BRDA:6,4,0,0
BRDA:6,4,1,0
BRDA:6,5,0,0
BRDA:6,5,1,0
BRDA:8,6,0,0
BRDA:8,6,1,0
BRDA:8,7,0,0
BRDA:8,7,1,0
BRDA:37,8,0,0
BRDA:37,8,1,0
BRDA:37,9,0,0
BRDA:37,9,1,0
BRDA:43,10,0,0
BRDA:43,10,1,0
BRDA:49,11,0,0
BRDA:49,11,1,0
BRDA:53,12,0,0
BRDA:53,12,1,0
BRDA:58,13,0,0
BRDA:58,13,1,0
BRDA:67,14,0,0
BRDA:67,14,1,0
BRDA:69,15,0,0
BRDA:69,15,1,0
BRDA:98,16,0,0
BRDA:98,16,1,0
BRDA:99,17,0,0
BRDA:99,17,1,0
BRF:38
BRH:0
end_of_record
TN:
SF:/Users/nrajlich/Code/zeit/now/packages/now-cli/src/commands/deploy/args.js
FN:6,(anonymous_0)
FN:199,(anonymous_1)
FNF:2
FNH:0
FNDA:0,(anonymous_0)
FNDA:0,(anonymous_1)
DA:6,0
DA:100,0
DA:128,0
DA:183,0
DA:185,0
DA:186,0
DA:189,0
DA:190,0
DA:193,0
DA:194,0
DA:197,0
DA:199,0
LF:12
LH:0
BRF:0
BRH:0
end_of_record
TN:
SF:/Users/nrajlich/Code/zeit/now/packages/now-cli/src/commands/deploy/index.js
FN:20,(anonymous_0)
FN:48,(anonymous_1)
FN:81,(anonymous_2)
FNF:3
FNH:0
FNDA:0,(anonymous_0)
FNDA:0,(anonymous_1)
FNDA:0,(anonymous_2)
DA:25,0
DA:26,0
DA:28,0
DA:29,0
DA:30,0
DA:32,0
DA:33,0
DA:35,0
DA:36,0
DA:39,0
DA:40,0
DA:43,0
DA:45,0
DA:48,0
DA:50,0
DA:53,0
DA:54,0
DA:55,0
DA:57,0
DA:58,0
DA:59,0
DA:60,0
DA:62,0
DA:63,0
DA:64,0
DA:66,0
DA:67,0
DA:70,0
DA:71,0
DA:72,0
DA:74,0
DA:76,0
DA:80,0
DA:81,0
DA:84,0
DA:87,0
DA:92,0
DA:94,0
DA:96,0
DA:97,0
DA:103,0
DA:104,0
DA:106,0
DA:107,0
DA:108,0
DA:111,0
DA:115,0
DA:116,0
DA:118,0
DA:119,0
DA:121,0
DA:122,0
DA:123,0
DA:124,0
DA:125,0
DA:127,0
DA:130,0
DA:133,0
DA:135,0
DA:138,0
DA:143,0
DA:144,0
DA:145,0
DA:150,0
DA:153,0
DA:156,0
DA:163,0
DA:177,0
DA:178,0
DA:179,0
DA:183,0
DA:184,0
DA:194,0
LF:73
LH:0
BRDA:29,0,0,0
BRDA:29,0,1,0
BRDA:39,1,0,0
BRDA:39,1,1,0
BRDA:45,2,0,0
BRDA:45,2,1,0
BRDA:54,3,0,0
BRDA:54,3,1,0
BRDA:54,4,0,0
BRDA:54,4,1,0
BRDA:62,5,0,0
BRDA:62,5,1,0
BRDA:64,6,0,0
BRDA:64,6,1,0
BRDA:76,7,0,0
BRDA:76,7,1,0
BRDA:76,8,0,0
BRDA:76,8,1,0
BRDA:94,9,0,0
BRDA:94,9,1,0
BRDA:96,10,0,0
BRDA:96,10,1,0
BRDA:96,11,0,0
BRDA:96,11,1,0
BRDA:106,12,0,0
BRDA:106,12,1,0
BRDA:106,13,0,0
BRDA:106,13,1,0
BRDA:118,14,0,0
BRDA:118,14,1,0
BRDA:121,15,0,0
BRDA:121,15,1,0
BRDA:122,16,0,0
BRDA:122,16,1,0
BRDA:123,17,0,0
BRDA:123,17,1,0
BRDA:123,18,0,0
BRDA:123,18,1,0
BRDA:143,19,0,0
BRDA:143,19,1,0
BRDA:144,20,0,0
BRDA:144,20,1,0
BRDA:144,21,0,0
BRDA:144,21,1,0
BRDA:156,22,0,0
BRDA:156,22,1,0
BRDA:157,23,0,0
BRDA:157,23,1,0
BRDA:157,23,2,0
BRDA:157,23,3,0
BRDA:168,24,0,0
BRDA:168,24,1,0
BRDA:177,25,0,0
BRDA:177,25,1,0
BRDA:183,26,0,0
BRDA:183,26,1,0
BRDA:183,27,0,0
BRDA:183,27,1,0
BRF:58
BRH:0
end_of_record
TN:
SF:/Users/nrajlich/Code/zeit/now/packages/now-cli/src/commands/deploy/latest.js
FN:58,(anonymous_0)
FN:86,(anonymous_1)
FN:124,(anonymous_2)
FN:139,(anonymous_3)
FN:142,(anonymous_4)
FN:170,(anonymous_5)
FN:181,(anonymous_6)
FN:201,main
FN:394,(anonymous_8)
FN:465,(anonymous_9)
FN:706,handleCreateDeployError
FNF:11
FNH:0
FNDA:0,(anonymous_0)
FNDA:0,(anonymous_1)
FNDA:0,(anonymous_2)
FNDA:0,(anonymous_3)
FNDA:0,(anonymous_4)
FNDA:0,(anonymous_5)
FNDA:0,(anonymous_6)
FNDA:0,main
FNDA:0,(anonymous_8)
FNDA:0,(anonymous_9)
FNDA:0,handleCreateDeployError
DA:58,0
DA:61,0
DA:62,0
DA:63,0
DA:66,0
DA:68,0
DA:69,0
DA:75,0
DA:77,0
DA:86,0
DA:100,0
DA:102,0
DA:103,0
DA:106,0
DA:109,0
DA:110,0
DA:119,0
DA:123,0
DA:124,0
DA:127,0
DA:128,0
DA:131,0
DA:132,0
DA:136,0
DA:137,0
DA:138,0
DA:140,0
DA:142,0
DA:145,0
DA:157,0
DA:158,0
DA:159,0
DA:170,0
DA:171,0
DA:172,0
DA:175,0
DA:177,0
DA:180,0
DA:181,0
DA:184,0
DA:186,0
DA:187,0
DA:189,0
DA:190,0
DA:193,0
DA:194,0
DA:198,0
DA:209,0
DA:211,0
DA:212,0
DA:214,0
DA:215,0
DA:221,0
DA:222,0
DA:223,0
DA:224,0
DA:227,0
DA:228,0
DA:231,0
DA:233,0
DA:234,0
DA:237,0
DA:238,0
DA:241,0
DA:242,0
DA:246,0
DA:247,0
DA:255,0
DA:262,0
DA:264,0
DA:265,0
DA:268,0
DA:269,0
DA:270,0
DA:272,0
DA:274,0
DA:280,0
DA:281,0
DA:282,0
DA:285,0
DA:286,0
DA:294,0
DA:295,0
DA:296,0
DA:299,0
DA:307,0
DA:314,0
DA:322,0
DA:323,0
DA:324,0
DA:326,0
DA:327,0
DA:330,0
DA:340,0
DA:344,0
DA:346,0
DA:357,0
DA:362,0
DA:363,0
DA:365,0
DA:366,0
DA:367,0
DA:368,0
DA:369,0
DA:380,0
DA:382,0
DA:383,0
DA:394,0
DA:395,0
DA:400,0
DA:401,0
DA:406,0
DA:409,0
DA:410,0
DA:411,0
DA:416,0
DA:419,0
DA:423,0
DA:428,0
DA:433,0
DA:440,0
DA:447,0
DA:454,0
DA:455,0
DA:456,0
DA:458,0
DA:459,0
DA:463,0
DA:465,0
DA:467,0
DA:471,0
DA:472,0
DA:474,0
DA:475,0
DA:480,0
DA:483,0
DA:484,0
DA:489,0
DA:490,0
DA:491,0
DA:492,0
DA:493,0
DA:496,0
DA:497,0
DA:498,0
DA:499,0
DA:501,0
DA:502,0
DA:520,0
DA:531,0
DA:535,0
DA:537,0
DA:538,0
DA:541,0
DA:548,0
DA:550,0
DA:551,0
DA:552,0
DA:564,0
DA:565,0
DA:566,0
DA:569,0
DA:570,0
DA:574,0
DA:577,0
DA:578,0
DA:579,0
DA:582,0
DA:589,0
DA:594,0
DA:595,0
DA:598,0
DA:599,0
DA:600,0
DA:603,0
DA:605,0
DA:606,0
DA:607,0
DA:610,0
DA:611,0
DA:615,0
DA:627,0
DA:628,0
DA:632,0
DA:635,0
DA:636,0
DA:637,0
DA:640,0
DA:641,0
DA:644,0
DA:660,0
DA:661,0
DA:664,0
DA:665,0
DA:666,0
DA:677,0
DA:680,0
DA:681,0
DA:682,0
DA:683,0
DA:686,0
DA:687,0
DA:688,0
DA:689,0
DA:690,0
DA:693,0
DA:694,0
DA:697,0
DA:707,0
DA:708,0
DA:709,0
DA:711,0
DA:712,0
DA:717,0
DA:719,0
DA:720,0
DA:725,0
DA:727,0
DA:728,0
DA:730,0
DA:731,0
DA:733,0
DA:739,0
DA:740,0
DA:747,0
DA:750,0
DA:751,0
DA:752,0
DA:755,0
DA:756,0
DA:758,0
DA:764,0
DA:767,0
DA:769,0
DA:775,0
DA:777,0
DA:778,0
DA:786,0
DA:788,0
DA:789,0
DA:794,0
DA:796,0
DA:797,0
DA:798,0
DA:799,0
DA:801,0
DA:810,0
DA:811,0
DA:814,0
LF:249
LH:0
BRDA:62,0,0,0
BRDA:62,0,1,0
BRDA:68,1,0,0
BRDA:68,1,1,0
BRDA:102,2,0,0
BRDA:102,2,1,0
BRDA:109,3,0,0
BRDA:109,3,1,0
BRDA:112,4,0,0
BRDA:112,4,1,0
BRDA:119,5,0,0
BRDA:119,5,1,0
BRDA:119,6,0,0
BRDA:119,6,1,0
BRDA:119,6,2,0
BRDA:123,7,0,0
BRDA:123,7,1,0
BRDA:124,8,0,0
BRDA:124,8,1,0
BRDA:128,9,0,0
BRDA:128,9,1,0
BRDA:137,10,0,0
BRDA:137,10,1,0
BRDA:137,11,0,0
BRDA:137,11,1,0
BRDA:147,12,0,0
BRDA:147,12,1,0
BRDA:150,13,0,0
BRDA:150,13,1,0
BRDA:157,14,0,0
BRDA:157,14,1,0
BRDA:171,15,0,0
BRDA:171,15,1,0
BRDA:175,16,0,0
BRDA:175,16,1,0
BRDA:180,17,0,0
BRDA:180,17,1,0
BRDA:186,18,0,0
BRDA:186,18,1,0
BRDA:233,19,0,0
BRDA:233,19,1,0
BRDA:238,20,0,0
BRDA:238,20,1,0
BRDA:241,21,0,0
BRDA:241,21,1,0
BRDA:246,22,0,0
BRDA:246,22,1,0
BRDA:264,23,0,0
BRDA:264,23,1,0
BRDA:270,24,0,0
BRDA:270,24,1,0
BRDA:272,25,0,0
BRDA:272,25,1,0
BRDA:274,26,0,0
BRDA:274,26,1,0
BRDA:280,27,0,0
BRDA:280,27,1,0
BRDA:294,28,0,0
BRDA:294,28,1,0
BRDA:294,29,0,0
BRDA:294,29,1,0
BRDA:309,30,0,0
BRDA:309,30,1,0
BRDA:322,31,0,0
BRDA:322,31,1,0
BRDA:344,32,0,0
BRDA:344,32,1,0
BRDA:346,33,0,0
BRDA:346,33,1,0
BRDA:347,34,0,0
BRDA:347,34,1,0
BRDA:352,35,0,0
BRDA:352,35,1,0
BRDA:362,36,0,0
BRDA:362,36,1,0
BRDA:365,37,0,0
BRDA:365,37,1,0
BRDA:368,38,0,0
BRDA:368,38,1,0
BRDA:380,39,0,0
BRDA:380,39,1,0
BRDA:382,40,0,0
BRDA:382,40,1,0
BRDA:400,41,0,0
BRDA:400,41,1,0
BRDA:400,42,0,0
BRDA:400,42,1,0
BRDA:409,43,0,0
BRDA:409,43,1,0
BRDA:410,44,0,0
BRDA:410,44,1,0
BRDA:419,45,0,0
BRDA:419,45,1,0
BRDA:420,46,0,0
BRDA:420,46,1,0
BRDA:449,47,0,0
BRDA:449,47,1,0
BRDA:463,48,0,0
BRDA:463,48,1,0
BRDA:467,49,0,0
BRDA:467,49,1,0
BRDA:471,50,0,0
BRDA:471,50,1,0
BRDA:474,51,0,0
BRDA:474,51,1,0
BRDA:483,52,0,0
BRDA:483,52,1,0
BRDA:491,53,0,0
BRDA:491,53,1,0
BRDA:496,54,0,0
BRDA:496,54,1,0
BRDA:503,55,0,0
BRDA:503,55,1,0
BRDA:509,56,0,0
BRDA:509,56,1,0
BRDA:527,57,0,0
BRDA:527,57,1,0
BRDA:531,58,0,0
BRDA:531,58,1,0
BRDA:532,59,0,0
BRDA:532,59,1,0
BRDA:537,60,0,0
BRDA:537,60,1,0
BRDA:564,61,0,0
BRDA:564,61,1,0
BRDA:569,62,0,0
BRDA:569,62,1,0
BRDA:571,63,0,0
BRDA:571,63,1,0
BRDA:577,64,0,0
BRDA:577,64,1,0
BRDA:589,65,0,0
BRDA:589,65,1,0
BRDA:590,66,0,0
BRDA:590,66,1,0
BRDA:590,66,2,0
BRDA:598,67,0,0
BRDA:598,67,1,0
BRDA:605,68,0,0
BRDA:605,68,1,0
BRDA:610,69,0,0
BRDA:610,69,1,0
BRDA:610,70,0,0
BRDA:610,70,1,0
BRDA:610,70,2,0
BRDA:627,71,0,0
BRDA:627,71,1,0
BRDA:635,72,0,0
BRDA:635,72,1,0
BRDA:635,73,0,0
BRDA:635,73,1,0
BRDA:644,74,0,0
BRDA:644,74,1,0
BRDA:645,75,0,0
BRDA:645,75,1,0
BRDA:645,75,2,0
BRDA:645,75,3,0
BRDA:645,75,4,0
BRDA:645,75,5,0
BRDA:645,75,6,0
BRDA:645,75,7,0
BRDA:645,75,8,0
BRDA:645,75,9,0
BRDA:645,75,10,0
BRDA:645,75,11,0
BRDA:645,75,12,0
BRDA:645,75,13,0
BRDA:664,76,0,0
BRDA:664,76,1,0
BRDA:680,77,0,0
BRDA:680,77,1,0
BRDA:680,78,0,0
BRDA:680,78,1,0
BRDA:681,79,0,0
BRDA:681,80,0,0
BRDA:681,80,1,0
BRDA:686,81,0,0
BRDA:686,81,1,0
BRDA:687,82,0,0
BRDA:707,83,0,0
BRDA:707,83,1,0
BRDA:711,84,0,0
BRDA:711,84,1,0
BRDA:719,85,0,0
BRDA:719,85,1,0
BRDA:727,86,0,0
BRDA:727,86,1,0
BRDA:730,87,0,0
BRDA:730,87,1,0
BRDA:730,88,0,0
BRDA:730,88,1,0
BRDA:739,89,0,0
BRDA:739,89,1,0
BRDA:739,90,0,0
BRDA:739,90,1,0
BRDA:750,91,0,0
BRDA:750,91,1,0
BRDA:755,92,0,0
BRDA:755,92,1,0
BRDA:777,93,0,0
BRDA:777,93,1,0
BRDA:788,94,0,0
BRDA:788,94,1,0
BRDA:796,95,0,0
BRDA:796,95,1,0
BRDA:801,96,0,0
BRDA:801,96,1,0
BRDA:802,97,0,0
BRDA:802,97,1,0
BRDA:802,97,2,0
BRDA:802,97,3,0
BRDA:802,97,4,0
BRDA:802,97,5,0
BRDA:802,97,6,0
BRF:214
BRH:0
end_of_record
TN:
SF:/Users/nrajlich/Code/zeit/now/packages/now-cli/src/commands/deploy/legacy.ts
FN:2,(anonymous_0)
FN:90,(anonymous_1)
FN:90,(anonymous_2)
FN:91,(anonymous_3)
FN:109,(anonymous_4)
FN:116,(anonymous_5)
FN:125,(anonymous_6)
FN:144,(anonymous_7)
FN:166,main
FN:174,(anonymous_9)
FN:194,(anonymous_10)
FN:226,sync
FN:227,(anonymous_12)
FN:259,(anonymous_13)
FN:318,(anonymous_14)
FN:411,(anonymous_15)
FN:482,(anonymous_16)
FN:484,(anonymous_17)
FN:486,(anonymous_18)
FN:488,(anonymous_19)
FN:520,(anonymous_20)
FN:521,(anonymous_21)
FN:662,(anonymous_22)
FN:679,(anonymous_23)
FN:688,readMeta
FN:730,getRegionsFromConfig
FN:733,getScaleFromConfig
FN:736,maybeGetEventsStream
FN:747,getVerifyDCsGenerator
FN:753,handleCreateDeployError
FNF:30
FNH:0
FNDA:0,(anonymous_0)
FNDA:0,(anonymous_1)
FNDA:0,(anonymous_2)
FNDA:0,(anonymous_3)
FNDA:0,(anonymous_4)
FNDA:0,(anonymous_5)
FNDA:0,(anonymous_6)
FNDA:0,(anonymous_7)
FNDA:0,main
FNDA:0,(anonymous_9)
FNDA:0,(anonymous_10)
FNDA:0,sync
FNDA:0,(anonymous_12)
FNDA:0,(anonymous_13)
FNDA:0,(anonymous_14)
FNDA:0,(anonymous_15)
FNDA:0,(anonymous_16)
FNDA:0,(anonymous_17)
FNDA:0,(anonymous_18)
FNDA:0,(anonymous_19)
FNDA:0,(anonymous_20)
FNDA:0,(anonymous_21)
FNDA:0,(anonymous_22)
FNDA:0,(anonymous_23)
FNDA:0,readMeta
FNDA:0,getRegionsFromConfig
FNDA:0,getScaleFromConfig
FNDA:0,maybeGetEventsStream
FNDA:0,getVerifyDCsGenerator
FNDA:0,handleCreateDeployError
DA:2,0
DA:3,0
DA:5,0
DA:6,0
DA:7,0
DA:9,0
DA:10,0
DA:11,0
DA:12,0
DA:14,0
DA:15,0
DA:16,0
DA:18,0
DA:19,0
DA:21,0
DA:22,0
DA:24,0
DA:25,0
DA:26,0
DA:27,0
DA:28,0
DA:30,0
DA:32,0
DA:33,0
DA:34,0
DA:36,0
DA:38,0
DA:39,0
DA:41,0
DA:42,0
DA:44,0
DA:46,0
DA:47,0
DA:49,0
DA:50,0
DA:52,0
DA:53,0
DA:55,0
DA:56,0
DA:57,0
DA:59,0
DA:61,0
DA:62,0
DA:63,0
DA:88,0
DA:90,0
DA:91,0
DA:93,0
DA:94,0
DA:95,0
DA:96,0
DA:97,0
DA:98,0
DA:100,0
DA:103,0
DA:104,0
DA:105,0
DA:109,0
DA:110,0
DA:111,0
DA:116,0
DA:117,0
DA:118,0
DA:120,0
DA:122,0
DA:124,0
DA:125,0
DA:128,0
DA:129,0
DA:130,0
DA:131,0
DA:134,0
DA:135,0
DA:137,0
DA:138,0
DA:142,0
DA:144,0
DA:145,0
DA:146,0
DA:148,0
DA:149,0
DA:150,0
DA:155,0
DA:156,0
DA:157,0
DA:158,0
DA:159,0
DA:160,0
DA:161,0
DA:164,0
DA:167,0
DA:168,0
DA:169,0
DA:171,0
DA:174,0
DA:177,0
DA:179,0
DA:180,0
DA:183,0
DA:184,0
DA:185,0
DA:186,0
DA:187,0
DA:188,0
DA:189,0
DA:190,0
DA:191,0
DA:192,0
DA:194,0
DA:196,0
DA:197,0
DA:198,0
DA:200,0
DA:201,0
DA:202,0
DA:203,0
DA:204,0
DA:205,0
DA:206,0
DA:207,0
DA:208,0
DA:210,0
DA:211,0
DA:212,0
DA:222,0
DA:225,0
DA:227,0
DA:228,0
DA:229,0
DA:231,0
DA:233,0
DA:234,0
DA:235,0
DA:236,0
DA:237,0
DA:238,0
DA:243,0
DA:244,0
DA:245,0
DA:246,0
DA:249,0
DA:250,0
DA:253,0
DA:256,0
DA:257,0
DA:258,0
DA:259,0
DA:260,0
DA:262,0
DA:263,0
DA:266,0
DA:268,0
DA:270,0
DA:273,0
DA:275,0
DA:276,0
DA:279,0
DA:282,0
DA:283,0
DA:288,0
DA:289,0
DA:291,0
DA:292,0
DA:293,0
DA:296,0
DA:297,0
DA:298,0
DA:299,0
DA:301,0
DA:304,0
DA:305,0
DA:308,0
DA:309,0
DA:311,0
DA:312,0
DA:313,0
DA:314,0
DA:317,0
DA:319,0
DA:320,0
DA:321,0
DA:323,0
DA:326,0
DA:329,0
DA:330,0
DA:331,0
DA:332,0
DA:334,0
DA:335,0
DA:336,0
DA:338,0
DA:339,0
DA:340,0
DA:343,0
DA:344,0
DA:345,0
DA:355,0
DA:356,0
DA:357,0
DA:365,0
DA:372,0
DA:374,0
DA:375,0
DA:377,0
DA:380,0
DA:381,0
DA:382,0
DA:385,0
DA:386,0
DA:389,0
DA:390,0
DA:393,0
DA:394,0
DA:395,0
DA:398,0
DA:399,0
DA:400,0
DA:401,0
DA:402,0
DA:403,0
DA:405,0
DA:406,0
DA:407,0
DA:408,0
DA:411,0
DA:416,0
DA:417,0
DA:418,0
DA:420,0
DA:423,0
DA:424,0
DA:425,0
DA:426,0
DA:427,0
DA:428,0
DA:430,0
DA:433,0
DA:434,0
DA:437,0
DA:438,0
DA:440,0
DA:441,0
DA:443,0
DA:444,0
DA:445,0
DA:446,0
DA:447,0
DA:450,0
DA:451,0
DA:452,0
DA:455,0
DA:460,0
DA:462,0
DA:464,0
DA:465,0
DA:466,0
DA:467,0
DA:468,0
DA:470,0
DA:471,0
DA:474,0
DA:475,0
DA:477,0
DA:478,0
DA:479,0
DA:480,0
DA:482,0
DA:483,0
DA:484,0
DA:485,0
DA:486,0
DA:488,0
DA:489,0
DA:490,0
DA:491,0
DA:493,0
DA:494,0
DA:495,0
DA:497,0
DA:498,0
DA:499,0
DA:500,0
DA:501,0
DA:502,0
DA:503,0
DA:506,0
DA:508,0
DA:510,0
DA:511,0
DA:512,0
DA:514,0
DA:516,0
DA:518,0
DA:519,0
DA:520,0
DA:522,0
DA:523,0
DA:526,0
DA:528,0
DA:529,0
DA:530,0
DA:537,0
DA:538,0
DA:553,0
DA:554,0
DA:555,0
DA:562,0
DA:563,0
DA:564,0
DA:568,0
DA:569,0
DA:570,0
DA:572,0
DA:573,0
DA:574,0
DA:578,0
DA:579,0
DA:580,0
DA:582,0
DA:583,0
DA:584,0
DA:585,0
DA:586,0
DA:587,0
DA:590,0
DA:591,0
DA:593,0
DA:596,0
DA:597,0
DA:608,0
DA:609,0
DA:610,0
DA:611,0
DA:614,0
DA:615,0
DA:617,0
DA:618,0
DA:620,0
DA:621,0
DA:624,0
DA:625,0
DA:626,0
DA:627,0
DA:632,0
DA:633,0
DA:634,0
DA:635,0
DA:638,0
DA:641,0
DA:643,0
DA:644,0
DA:646,0
DA:649,0
DA:650,0
DA:652,0
DA:653,0
DA:658,0
DA:659,0
DA:660,0
DA:661,0
DA:662,0
DA:663,0
DA:664,0
DA:665,0
DA:666,0
DA:667,0
DA:668,0
DA:669,0
DA:670,0
DA:672,0
DA:673,0
DA:674,0
DA:676,0
DA:678,0
DA:679,0
DA:683,0
DA:684,0
DA:689,0
DA:690,0
DA:696,0
DA:697,0
DA:698,0
DA:700,0
DA:701,0
DA:702,0
DA:704,0
DA:712,0
DA:713,0
DA:714,0
DA:715,0
DA:716,0
DA:722,0
DA:724,0
DA:725,0
DA:727,0
DA:731,0
DA:734,0
DA:737,0
DA:738,0
DA:744,0
DA:748,0
DA:749,0
DA:754,0
DA:755,0
DA:756,0
DA:758,0
DA:759,0
DA:760,0
DA:762,0
DA:763,0
DA:764,0
DA:765,0
DA:766,0
DA:767,0
DA:768,0
DA:770,0
DA:772,0
DA:773,0
DA:774,0
DA:775,0
DA:777,0
DA:778,0
DA:780,0
DA:781,0
DA:784,0
DA:786,0
DA:787,0
DA:788,0
DA:790,0
DA:791,0
DA:792,0
DA:794,0
DA:795,0
DA:796,0
DA:798,0
LF:435
LH:0
BRDA:2,0,0,0
BRDA:2,0,1,0
BRDA:2,0,2,0
BRDA:3,1,0,0
BRDA:3,1,1,0
BRDA:3,2,0,0
BRDA:3,2,1,0
BRDA:94,3,0,0
BRDA:94,3,1,0
BRDA:97,4,0,0
BRDA:97,4,1,0
BRDA:117,5,0,0
BRDA:117,5,1,0
BRDA:120,6,0,0
BRDA:120,6,1,0
BRDA:124,7,0,0
BRDA:124,7,1,0
BRDA:129,8,0,0
BRDA:129,8,1,0
BRDA:145,9,0,0
BRDA:145,9,1,0
BRDA:160,10,0,0
BRDA:160,10,1,0
BRDA:168,11,0,0
BRDA:168,11,1,0
BRDA:171,12,0,0
BRDA:171,12,1,0
BRDA:179,13,0,0
BRDA:179,13,1,0
BRDA:188,14,0,0
BRDA:188,14,1,0
BRDA:192,15,0,0
BRDA:192,15,1,0
BRDA:205,16,0,0
BRDA:205,16,1,0
BRDA:205,17,0,0
BRDA:205,17,1,0
BRDA:206,18,0,0
BRDA:206,18,1,0
BRDA:233,19,0,0
BRDA:233,19,1,0
BRDA:236,20,0,0
BRDA:236,20,1,0
BRDA:249,21,0,0
BRDA:249,21,1,0
BRDA:256,22,0,0
BRDA:256,22,1,0
BRDA:268,23,0,0
BRDA:268,23,1,0
BRDA:275,24,0,0
BRDA:275,24,1,0
BRDA:276,25,0,0
BRDA:276,25,1,0
BRDA:292,26,0,0
BRDA:292,26,1,0
BRDA:292,27,0,0
BRDA:292,27,1,0
BRDA:292,27,2,0
BRDA:298,28,0,0
BRDA:298,28,1,0
BRDA:311,29,0,0
BRDA:311,29,1,0
BRDA:311,30,0,0
BRDA:311,30,1,0
BRDA:312,31,0,0
BRDA:312,31,1,0
BRDA:313,32,0,0
BRDA:313,32,1,0
BRDA:320,33,0,0
BRDA:320,33,1,0
BRDA:320,34,0,0
BRDA:320,34,1,0
BRDA:321,35,0,0
BRDA:321,35,1,0
BRDA:329,36,0,0
BRDA:329,36,1,0
BRDA:329,37,0,0
BRDA:329,37,1,0
BRDA:330,38,0,0
BRDA:330,38,1,0
BRDA:334,39,0,0
BRDA:334,39,1,0
BRDA:338,40,0,0
BRDA:338,40,1,0
BRDA:343,41,0,0
BRDA:343,41,1,0
BRDA:355,42,0,0
BRDA:355,42,1,0
BRDA:372,43,0,0
BRDA:372,43,1,0
BRDA:372,44,0,0
BRDA:372,44,1,0
BRDA:372,44,2,0
BRDA:380,45,0,0
BRDA:380,45,1,0
BRDA:385,46,0,0
BRDA:385,46,1,0
BRDA:385,47,0,0
BRDA:385,47,1,0
BRDA:389,48,0,0
BRDA:389,48,1,0
BRDA:393,49,0,0
BRDA:393,49,1,0
BRDA:393,50,0,0
BRDA:393,50,1,0
BRDA:398,51,0,0
BRDA:398,51,1,0
BRDA:400,52,0,0
BRDA:400,52,1,0
BRDA:405,53,0,0
BRDA:405,53,1,0
BRDA:416,54,0,0
BRDA:416,54,1,0
BRDA:420,55,0,0
BRDA:420,55,1,0
BRDA:425,56,0,0
BRDA:425,56,1,0
BRDA:437,57,0,0
BRDA:437,57,1,0
BRDA:440,58,0,0
BRDA:440,58,1,0
BRDA:443,59,0,0
BRDA:443,59,1,0
BRDA:444,60,0,0
BRDA:444,60,1,0
BRDA:450,61,0,0
BRDA:450,61,1,0
BRDA:462,62,0,0
BRDA:462,62,1,0
BRDA:477,63,0,0
BRDA:477,63,1,0
BRDA:478,64,0,0
BRDA:478,64,1,0
BRDA:482,65,0,0
BRDA:482,65,1,0
BRDA:483,66,0,0
BRDA:483,66,1,0
BRDA:486,67,0,0
BRDA:486,67,1,0
BRDA:489,68,0,0
BRDA:489,68,1,0
BRDA:493,69,0,0
BRDA:493,69,1,0
BRDA:498,70,0,0
BRDA:498,70,1,0
BRDA:501,71,0,0
BRDA:501,71,1,0
BRDA:502,72,0,0
BRDA:502,72,1,0
BRDA:510,73,0,0
BRDA:510,73,1,0
BRDA:516,74,0,0
BRDA:516,74,1,0
BRDA:522,75,0,0
BRDA:522,75,1,0
BRDA:555,76,0,0
BRDA:555,76,1,0
BRDA:555,77,0,0
BRDA:555,77,1,0
BRDA:555,77,2,0
BRDA:555,77,3,0
BRDA:555,77,4,0
BRDA:555,77,5,0
BRDA:555,77,6,0
BRDA:568,78,0,0
BRDA:568,78,1,0
BRDA:569,79,0,0
BRDA:569,79,1,0
BRDA:570,80,0,0
BRDA:570,80,1,0
BRDA:573,81,0,0
BRDA:573,81,1,0
BRDA:579,82,0,0
BRDA:579,82,1,0
BRDA:583,83,0,0
BRDA:583,83,1,0
BRDA:584,84,0,0
BRDA:584,84,1,0
BRDA:609,85,0,0
BRDA:609,85,1,0
BRDA:609,86,0,0
BRDA:609,86,1,0
BRDA:610,87,0,0
BRDA:610,88,0,0
BRDA:610,88,1,0
BRDA:611,89,0,0
BRDA:611,89,1,0
BRDA:621,90,0,0
BRDA:621,90,1,0
BRDA:621,91,0,0
BRDA:621,91,1,0
BRDA:624,92,0,0
BRDA:624,92,1,0
BRDA:626,93,0,0
BRDA:626,93,1,0
BRDA:627,94,0,0
BRDA:627,94,1,0
BRDA:627,95,0,0
BRDA:627,95,1,0
BRDA:627,95,2,0
BRDA:632,96,0,0
BRDA:632,96,1,0
BRDA:643,97,0,0
BRDA:643,97,1,0
BRDA:644,98,0,0
BRDA:644,98,1,0
BRDA:649,99,0,0
BRDA:649,99,1,0
BRDA:658,100,0,0
BRDA:658,100,1,0
BRDA:661,101,0,0
BRDA:661,101,1,0
BRDA:667,102,0,0
BRDA:667,102,1,0
BRDA:672,103,0,0
BRDA:672,103,1,0
BRDA:676,104,0,0
BRDA:676,104,1,0
BRDA:676,105,0,0
BRDA:676,105,1,0
BRDA:676,105,2,0
BRDA:696,106,0,0
BRDA:696,106,1,0
BRDA:700,107,0,0
BRDA:700,107,1,0
BRDA:712,108,0,0
BRDA:712,108,1,0
BRDA:712,109,0,0
BRDA:712,109,1,0
BRDA:730,110,0,0
BRDA:731,111,0,0
BRDA:731,111,1,0
BRDA:733,112,0,0
BRDA:734,113,0,0
BRDA:734,113,1,0
BRDA:748,114,0,0
BRDA:748,114,1,0
BRDA:749,115,0,0
BRDA:749,115,1,0
BRDA:754,116,0,0
BRDA:754,116,1,0
BRDA:758,117,0,0
BRDA:758,117,1,0
BRDA:762,118,0,0
BRDA:762,118,1,0
BRDA:764,119,0,0
BRDA:764,119,1,0
BRDA:764,120,0,0
BRDA:764,120,1,0
BRDA:767,121,0,0
BRDA:767,121,1,0
BRDA:767,122,0,0
BRDA:767,122,1,0
BRDA:772,123,0,0
BRDA:772,123,1,0
BRDA:780,124,0,0
BRDA:780,124,1,0
BRDA:786,125,0,0
BRDA:786,125,1,0
BRDA:790,126,0,0
BRDA:790,126,1,0
BRDA:794,127,0,0
BRDA:794,127,1,0
BRF:263
BRH:0
end_of_record
TN:
SF:/Users/nrajlich/Code/zeit/now/packages/now-cli/src/commands/dev/dev.ts
FN:2,(anonymous_0)
FN:14,dev
FN:46,(anonymous_2)
FN:65,(anonymous_3)
FNF:4
FNH:0
FNDA:0,(anonymous_0)
FNDA:0,dev
FNDA:0,(anonymous_2)
FNDA:0,(anonymous_3)
DA:2,0
DA:3,0
DA:5,0
DA:6,0
DA:7,0
DA:8,0
DA:9,0
DA:10,0
DA:11,0
DA:12,0
DA:13,0
DA:15,0
DA:16,0
DA:17,0
DA:18,0
DA:19,0
DA:26,0
DA:30,0
DA:31,0
DA:33,0
DA:34,0
DA:35,0
DA:38,0
DA:39,0
DA:40,0
DA:41,0
DA:42,0
DA:43,0
DA:45,0
DA:46,0
DA:47,0
DA:48,0
DA:49,0
DA:50,0
DA:51,0
DA:55,0
DA:56,0
DA:59,0
DA:65,0
DA:66,0
DA:68,0
LF:41
LH:0
BRDA:2,0,0,0
BRDA:2,0,1,0
BRDA:2,0,2,0
BRDA:3,1,0,0
BRDA:3,1,1,0
BRDA:3,2,0,0
BRDA:3,2,1,0
BRDA:15,3,0,0
BRDA:17,4,0,0
BRDA:17,4,1,0
BRDA:18,5,0,0
BRDA:18,5,1,0
BRDA:30,6,0,0
BRDA:30,6,1,0
BRDA:33,7,0,0
BRDA:33,7,1,0
BRDA:33,8,0,0
BRDA:33,8,1,0
BRDA:39,9,0,0
BRDA:39,9,1,0
BRDA:41,10,0,0
BRDA:41,10,1,0
BRDA:42,11,0,0
BRDA:42,11,1,0
BRDA:45,12,0,0
BRDA:45,12,1,0
BRDA:47,13,0,0
BRDA:47,13,1,0
BRDA:50,14,0,0
BRDA:50,14,1,0
BRDA:55,15,0,0
BRDA:55,15,1,0
BRF:32
BRH:0
end_of_record
TN:
SF:/Users/nrajlich/Code/zeit/now/packages/now-cli/src/commands/dev/index.ts
FN:2,(anonymous_0)
FN:21,(anonymous_1)
FN:45,main
FN:103,stringifyError
FNF:4
FNH:0
FNDA:0,(anonymous_0)
FNDA:0,(anonymous_1)
FNDA:0,main
FNDA:0,stringifyError
DA:2,0
DA:3,0
DA:5,0
DA:6,0
DA:7,0
DA:8,0
DA:9,0
DA:10,0
DA:11,0
DA:12,0
DA:13,0
DA:14,0
DA:15,0
DA:16,0
DA:17,0
DA:18,0
DA:21,0
DA:22,0
DA:49,0
DA:50,0
DA:57,0
DA:58,0
DA:59,0
DA:60,0
DA:61,0
DA:62,0
DA:66,0
DA:67,0
DA:69,0
DA:70,0
DA:71,0
DA:73,0
DA:74,0
DA:76,0
DA:77,0
DA:78,0
DA:79,0
DA:80,0
DA:81,0
DA:82,0
DA:83,0
DA:84,0
DA:88,0
DA:89,0
DA:90,0
DA:92,0
DA:93,0
DA:96,0
DA:97,0
DA:98,0
DA:101,0
DA:104,0
DA:105,0
DA:106,0
DA:108,0
LF:55
LH:0
BRDA:2,0,0,0
BRDA:2,0,1,0
BRDA:2,0,2,0
BRDA:3,1,0,0
BRDA:3,1,1,0
BRDA:3,2,0,0
BRDA:3,2,1,0
BRDA:60,3,0,0
BRDA:60,3,1,0
BRDA:69,4,0,0
BRDA:69,4,1,0
BRDA:73,5,0,0
BRDA:76,6,0,0
BRDA:76,6,1,0
BRDA:76,6,2,0
BRDA:77,7,0,0
BRDA:77,7,1,0
BRDA:77,8,0,0
BRDA:77,8,1,0
BRDA:79,9,0,0
BRDA:79,9,1,0
BRDA:81,10,0,0
BRDA:81,10,1,0
BRDA:81,11,0,0
BRDA:81,11,1,0
BRDA:81,11,2,0
BRDA:88,12,0,0
BRDA:88,12,1,0
BRDA:104,13,0,0
BRDA:104,13,1,0
BRF:30
BRH:0
end_of_record
TN:
SF:/Users/nrajlich/Code/zeit/now/packages/now-cli/src/commands/dns/add.ts
FN:2,(anonymous_0)
FN:14,add
FNF:2
FNH:0
FNDA:0,(anonymous_0)
FNDA:0,add
DA:2,0
DA:3,0
DA:5,0
DA:6,0
DA:7,0
DA:8,0
DA:9,0
DA:10,0
DA:11,0
DA:12,0
DA:13,0
DA:15,0
DA:16,0
DA:17,0
DA:18,0
DA:19,0
DA:20,0
DA:21,0
DA:22,0
DA:25,0
DA:26,0
DA:27,0
DA:29,0
DA:31,0
DA:32,0
DA:33,0
DA:34,0
DA:36,0
DA:37,0
DA:38,0
DA:39,0
DA:40,0
DA:41,0
DA:43,0
DA:44,0
DA:45,0
DA:46,0
DA:48,0
DA:49,0
DA:50,0
DA:52,0
DA:53,0
DA:54,0
DA:56,0
DA:57,0
DA:58,0
DA:60,0
DA:61,0
DA:62,0
DA:64,0
DA:65,0
DA:67,0
LF:52
LH:0
BRDA:2,0,0,0
BRDA:2,0,1,0
BRDA:2,0,2,0
BRDA:3,1,0,0
BRDA:3,1,1,0
BRDA:3,2,0,0
BRDA:3,2,1,0
BRDA:25,3,0,0
BRDA:25,3,1,0
BRDA:25,4,0,0
BRDA:25,4,1,0
BRDA:32,5,0,0
BRDA:32,5,1,0
BRDA:39,6,0,0
BRDA:39,6,1,0
BRDA:44,7,0,0
BRDA:44,7,1,0
BRDA:48,8,0,0
BRDA:48,8,1,0
BRDA:52,9,0,0
BRDA:52,9,1,0
BRDA:56,10,0,0
BRDA:56,10,1,0
BRDA:60,11,0,0
BRDA:60,11,1,0
BRF:25
BRH:0
end_of_record
TN:
SF:/Users/nrajlich/Code/zeit/now/packages/now-cli/src/commands/dns/import.ts
FN:2,(anonymous_0)
FN:12,add
FNF:2
FNH:0
FNDA:0,(anonymous_0)
FNDA:0,add
DA:2,0
DA:3,0
DA:5,0
DA:6,0
DA:7,0
DA:8,0
DA:9,0
DA:10,0
DA:11,0
DA:13,0
DA:14,0
DA:15,0
DA:16,0
DA:17,0
DA:18,0
DA:19,0
DA:20,0
DA:23,0
DA:24,0
DA:25,0
DA:27,0
DA:29,0
DA:30,0
DA:31,0
DA:33,0
DA:34,0
DA:35,0
DA:36,0
DA:37,0
DA:38,0
DA:40,0
DA:41,0
DA:42,0
DA:44,0
DA:45,0
DA:47,0
LF:36
LH:0
BRDA:2,0,0,0
BRDA:2,0,1,0
BRDA:2,0,2,0
BRDA:3,1,0,0
BRDA:3,1,1,0
BRDA:3,2,0,0
BRDA:3,2,1,0
BRDA:23,3,0,0
BRDA:23,3,1,0
BRDA:23,4,0,0
BRDA:23,4,1,0
BRDA:29,5,0,0
BRDA:29,5,1,0
BRDA:36,6,0,0
BRDA:36,6,1,0
BRDA:40,7,0,0
BRDA:40,7,1,0
BRF:17
BRH:0
end_of_record
TN:
SF:/Users/nrajlich/Code/zeit/now/packages/now-cli/src/commands/dns/index.ts
FN:2,(anonymous_0)
FN:16,(anonymous_1)
FN:76,main
FNF:3
FNH:0
FNDA:0,(anonymous_0)
FNDA:0,(anonymous_1)
FNDA:0,main
DA:2,0
DA:3,0
DA:5,0
DA:6,0
DA:7,0
DA:8,0
DA:9,0
DA:10,0
DA:11,0
DA:12,0
DA:13,0
DA:14,0
DA:15,0
DA:16,0
DA:17,0
DA:70,0
DA:78,0
DA:79,0
DA:82,0
DA:83,0
DA:85,0
DA:86,0
DA:87,0
DA:89,0
DA:90,0
DA:91,0
DA:93,0
DA:95,0
DA:97,0
DA:99,0
DA:102,0
LF:31
LH:0
BRDA:2,0,0,0
BRDA:2,0,1,0
BRDA:2,0,2,0
BRDA:3,1,0,0
BRDA:3,1,1,0
BRDA:3,2,0,0
BRDA:3,2,1,0
BRDA:85,3,0,0
BRDA:85,3,1,0
BRDA:91,4,0,0
BRDA:91,4,1,0
BRDA:91,4,2,0
BRDA:91,4,3,0
BRF:13
BRH:0
end_of_record
TN:
SF:/Users/nrajlich/Code/zeit/now/packages/now-cli/src/commands/dns/ls.ts
FN:2,(anonymous_0)
FN:18,ls
FN:61,(anonymous_2)
FN:67,getDNSRecordsTable
FN:68,(anonymous_4)
FN:73,getDNSRecordRow
FNF:6
FNH:0
FNDA:0,(anonymous_0)
FNDA:0,ls
FNDA:0,(anonymous_2)
FNDA:0,getDNSRecordsTable
FNDA:0,(anonymous_4)
FNDA:0,getDNSRecordRow
DA:2,0
DA:3,0
DA:5,0
DA:6,0
DA:7,0
DA:8,0
DA:9,0
DA:10,0
DA:11,0
DA:12,0
DA:13,0
DA:14,0
DA:15,0
DA:16,0
DA:17,0
DA:19,0
DA:20,0
DA:21,0
DA:22,0
DA:23,0
DA:24,0
DA:25,0
DA:26,0
DA:29,0
DA:30,0
DA:31,0
DA:33,0
DA:35,0
DA:36,0
DA:37,0
DA:38,0
DA:39,0
DA:41,0
DA:42,0
DA:43,0
DA:45,0
DA:46,0
DA:47,0
DA:48,0
DA:49,0
DA:51,0
DA:52,0
DA:53,0
DA:54,0
DA:55,0
DA:56,0
DA:58,0
DA:60,0
DA:61,0
DA:62,0
DA:63,0
DA:64,0
DA:66,0
DA:68,0
DA:74,0
DA:75,0
DA:76,0
DA:77,0
LF:58
LH:0
BRDA:2,0,0,0
BRDA:2,0,1,0
BRDA:2,0,2,0
BRDA:3,1,0,0
BRDA:3,1,1,0
BRDA:3,2,0,0
BRDA:3,2,1,0
BRDA:29,3,0,0
BRDA:29,3,1,0
BRDA:29,4,0,0
BRDA:29,4,1,0
BRDA:37,5,0,0
BRDA:37,5,1,0
BRDA:41,6,0,0
BRDA:41,6,1,0
BRDA:41,7,0,0
BRDA:41,7,1,0
BRDA:45,8,0,0
BRDA:45,8,1,0
BRDA:47,9,0,0
BRDA:47,9,1,0
BRDA:52,10,0,0
BRDA:52,10,1,0
BRDA:54,11,0,0
BRDA:54,11,1,0
BRDA:54,12,0,0
BRDA:54,12,1,0
BRDA:76,13,0,0
BRDA:76,13,1,0
BRDA:76,13,2,0
BRDA:79,14,0,0
BRDA:79,14,1,0
BRDA:82,15,0,0
BRDA:82,15,1,0
BRDA:83,16,0,0
BRDA:83,16,1,0
BRF:36
BRH:0
end_of_record
TN:
SF:/Users/nrajlich/Code/zeit/now/packages/now-cli/src/commands/dns/rm.ts
FN:2,(anonymous_0)
FN:14,rm
FN:53,readConfirmation
FN:54,(anonymous_3)
FN:62,(anonymous_4)
FN:72,getDeleteTableRow
FNF:6
FNH:0
FNDA:0,(anonymous_0)
FNDA:0,rm
FNDA:0,readConfirmation
FNDA:0,(anonymous_3)
FNDA:0,(anonymous_4)
FNDA:0,getDeleteTableRow
DA:2,0
DA:3,0
DA:5,0
DA:6,0
DA:7,0
DA:8,0
DA:9,0
DA:10,0
DA:11,0
DA:12,0
DA:13,0
DA:15,0
DA:16,0
DA:17,0
DA:18,0
DA:19,0
DA:20,0
DA:21,0
DA:22,0
DA:25,0
DA:26,0
DA:27,0
DA:29,0
DA:31,0
DA:32,0
DA:33,0
DA:34,0
DA:36,0
DA:37,0
DA:38,0
DA:39,0
DA:41,0
DA:42,0
DA:43,0
DA:44,0
DA:45,0
DA:47,0
DA:48,0
DA:49,0
DA:50,0
DA:52,0
DA:54,0
DA:55,0
DA:56,0
DA:60,0
DA:61,0
DA:63,0
DA:64,0
DA:73,0
DA:76,0
LF:50
LH:0
BRDA:2,0,0,0
BRDA:2,0,1,0
BRDA:2,0,2,0
BRDA:3,1,0,0
BRDA:3,1,1,0
BRDA:3,2,0,0
BRDA:3,2,1,0
BRDA:25,3,0,0
BRDA:25,3,1,0
BRDA:25,4,0,0
BRDA:25,4,1,0
BRDA:32,5,0,0
BRDA:32,5,1,0
BRDA:37,6,0,0
BRDA:37,6,1,0
BRDA:43,7,0,0
BRDA:43,7,1,0
BRDA:73,8,0,0
BRDA:73,8,1,0
BRDA:78,9,0,0
BRDA:78,9,1,0
BRF:21
BRH:0
end_of_record
TN:
SF:/Users/nrajlich/Code/zeit/now/packages/now-cli/src/commands/domains/add.ts
FN:2,(anonymous_0)
FN:5,(anonymous_1)
FN:24,add
FNF:3
FNH:0
FNDA:0,(anonymous_0)
FNDA:0,(anonymous_1)
FNDA:0,add
DA:2,0
DA:3,0
DA:5,0
DA:6,0
DA:7,0
DA:8,0
DA:9,0
DA:10,0
DA:12,0
DA:13,0
DA:14,0
DA:15,0
DA:16,0
DA:17,0
DA:18,0
DA:19,0
DA:20,0
DA:21,0
DA:22,0
DA:23,0
DA:25,0
DA:26,0
DA:27,0
DA:28,0
DA:29,0
DA:30,0
DA:31,0
DA:32,0
DA:35,0
DA:36,0
DA:37,0
DA:39,0
DA:41,0
DA:42,0
DA:43,0
DA:45,0
DA:46,0
DA:47,0
DA:49,0
DA:50,0
DA:51,0
DA:52,0
DA:53,0
DA:55,0
DA:56,0
DA:57,0
DA:58,0
DA:60,0
DA:61,0
DA:63,0
DA:65,0
DA:66,0
DA:67,0
DA:68,0
DA:69,0
DA:71,0
DA:72,0
DA:74,0
DA:77,0
DA:78,0
DA:79,0
DA:80,0
DA:81,0
DA:82,0
DA:83,0
DA:86,0
DA:87,0
DA:88,0
DA:90,0
DA:92,0
LF:70
LH:0
BRDA:2,0,0,0
BRDA:2,0,1,0
BRDA:2,0,2,0
BRDA:3,1,0,0
BRDA:3,1,1,0
BRDA:3,2,0,0
BRDA:3,2,1,0
BRDA:5,3,0,0
BRDA:5,3,1,0
BRDA:5,3,2,0
BRDA:6,4,0,0
BRDA:6,4,1,0
BRDA:6,5,0,0
BRDA:6,5,1,0
BRDA:8,6,0,0
BRDA:8,6,1,0
BRDA:8,7,0,0
BRDA:8,7,1,0
BRDA:35,8,0,0
BRDA:35,8,1,0
BRDA:35,9,0,0
BRDA:35,9,1,0
BRDA:41,10,0,0
BRDA:41,10,1,0
BRDA:41,11,0,0
BRDA:41,11,1,0
BRDA:45,12,0,0
BRDA:45,12,1,0
BRDA:51,13,0,0
BRDA:51,13,1,0
BRDA:56,14,0,0
BRDA:56,14,1,0
BRDA:60,15,0,0
BRDA:60,15,1,0
BRDA:67,16,0,0
BRDA:67,16,1,0
BRDA:71,17,0,0
BRDA:71,17,1,0
BRDA:78,18,0,0
BRDA:78,18,1,0
BRF:40
BRH:0
end_of_record
TN:
SF:/Users/nrajlich/Code/zeit/now/packages/now-cli/src/commands/domains/buy.ts
FN:2,(anonymous_0)
FN:5,(anonymous_1)
FN:25,buy
FNF:3
FNH:0
FNDA:0,(anonymous_0)
FNDA:0,(anonymous_1)
FNDA:0,buy
DA:2,0
DA:3,0
DA:5,0
DA:6,0
DA:7,0
DA:8,0
DA:9,0
DA:10,0
DA:12,0
DA:13,0
DA:14,0
DA:15,0
DA:16,0
DA:17,0
DA:18,0
DA:19,0
DA:20,0
DA:21,0
DA:22,0
DA:23,0
DA:24,0
DA:26,0
DA:27,0
DA:28,0
DA:29,0
DA:30,0
DA:31,0
DA:32,0
DA:33,0
DA:36,0
DA:37,0
DA:38,0
DA:40,0
DA:42,0
DA:43,0
DA:44,0
DA:45,0
DA:47,0
DA:48,0
DA:49,0
DA:50,0
DA:52,0
DA:53,0
DA:54,0
DA:55,0
DA:57,0
DA:58,0
DA:59,0
DA:60,0
DA:61,0
DA:63,0
DA:64,0
DA:65,0
DA:67,0
DA:68,0
DA:69,0
DA:70,0
DA:73,0
DA:74,0
DA:75,0
DA:76,0
DA:79,0
DA:80,0
DA:81,0
DA:82,0
DA:84,0
DA:85,0
DA:86,0
DA:87,0
DA:89,0
DA:90,0
DA:91,0
DA:93,0
DA:94,0
DA:95,0
DA:97,0
DA:98,0
DA:99,0
DA:101,0
DA:102,0
DA:103,0
DA:105,0
DA:106,0
DA:107,0
DA:109,0
DA:110,0
DA:111,0
DA:113,0
DA:114,0
DA:115,0
DA:116,0
DA:119,0
DA:120,0
DA:121,0
DA:122,0
DA:125,0
DA:128,0
DA:130,0
LF:98
LH:0
BRDA:2,0,0,0
BRDA:2,0,1,0
BRDA:2,0,2,0
BRDA:3,1,0,0
BRDA:3,1,1,0
BRDA:3,2,0,0
BRDA:3,2,1,0
BRDA:5,3,0,0
BRDA:5,3,1,0
BRDA:5,3,2,0
BRDA:6,4,0,0
BRDA:6,4,1,0
BRDA:6,5,0,0
BRDA:6,5,1,0
BRDA:8,6,0,0
BRDA:8,6,1,0
BRDA:8,7,0,0
BRDA:8,7,1,0
BRDA:36,8,0,0
BRDA:36,8,1,0
BRDA:36,9,0,0
BRDA:36,9,1,0
BRDA:43,10,0,0
BRDA:43,10,1,0
BRDA:48,11,0,0
BRDA:48,11,1,0
BRDA:53,12,0,0
BRDA:53,12,1,0
BRDA:53,13,0,0
BRDA:53,13,1,0
BRDA:59,14,0,0
BRDA:59,14,1,0
BRDA:63,15,0,0
BRDA:63,15,1,0
BRDA:69,16,0,0
BRDA:69,16,1,0
BRDA:69,17,0,0
BRDA:69,17,1,0
BRDA:85,18,0,0
BRDA:85,18,1,0
BRDA:89,19,0,0
BRDA:89,19,1,0
BRDA:93,20,0,0
BRDA:93,20,1,0
BRDA:97,21,0,0
BRDA:97,21,1,0
BRDA:101,22,0,0
BRDA:101,22,1,0
BRDA:105,23,0,0
BRDA:105,23,1,0
BRDA:109,24,0,0
BRDA:109,24,1,0
BRDA:113,25,0,0
BRDA:113,25,1,0
BRDA:120,26,0,0
BRDA:120,26,1,0
BRF:56
BRH:0
end_of_record
TN:
SF:/Users/nrajlich/Code/zeit/now/packages/now-cli/src/commands/domains/index.ts
FN:2,(anonymous_0)
FN:20,(anonymous_1)
FN:72,main
FNF:3
FNH:0
FNDA:0,(anonymous_0)
FNDA:0,(anonymous_1)
FNDA:0,main
DA:2,0
DA:3,0
DA:5,0
DA:6,0
DA:7,0
DA:8,0
DA:9,0
DA:10,0
DA:11,0
DA:12,0
DA:13,0
DA:14,0
DA:15,0
DA:16,0
DA:17,0
DA:18,0
DA:19,0
DA:20,0
DA:21,0
DA:62,0
DA:74,0
DA:75,0
DA:85,0
DA:86,0
DA:88,0
DA:89,0
DA:90,0
DA:92,0
DA:93,0
DA:94,0
DA:96,0
DA:98,0
DA:100,0
DA:102,0
DA:104,0
DA:106,0
DA:108,0
DA:110,0
DA:113,0
LF:39
LH:0
BRDA:2,0,0,0
BRDA:2,0,1,0
BRDA:2,0,2,0
BRDA:3,1,0,0
BRDA:3,1,1,0
BRDA:3,2,0,0
BRDA:3,2,1,0
BRDA:88,3,0,0
BRDA:88,3,1,0
BRDA:94,4,0,0
BRDA:94,4,1,0
BRDA:94,4,2,0
BRDA:94,4,3,0
BRDA:94,4,4,0
BRDA:94,4,5,0
BRDA:94,4,6,0
BRDA:94,4,7,0
BRF:17
BRH:0
end_of_record
TN:
SF:/Users/nrajlich/Code/zeit/now/packages/now-cli/src/commands/domains/inspect.ts
FN:2,(anonymous_0)
FN:17,inspect
FN:48,(anonymous_2)
FN:49,(anonymous_3)
FNF:4
FNH:0
FNDA:0,(anonymous_0)
FNDA:0,inspect
FNDA:0,(anonymous_2)
FNDA:0,(anonymous_3)
DA:2,0
DA:3,0
DA:5,0
DA:6,0
DA:7,0
DA:8,0
DA:9,0
DA:10,0
DA:11,0
DA:12,0
DA:13,0
DA:14,0
DA:15,0
DA:16,0
DA:18,0
DA:19,0
DA:20,0
DA:21,0
DA:22,0
DA:23,0
DA:24,0
DA:25,0
DA:28,0
DA:29,0
DA:30,0
DA:32,0
DA:34,0
DA:35,0
DA:36,0
DA:37,0
DA:38,0
DA:40,0
DA:41,0
DA:42,0
DA:44,0
DA:45,0
DA:48,0
DA:49,0
DA:51,0
DA:52,0
DA:53,0
DA:54,0
DA:56,0
DA:57,0
DA:58,0
DA:59,0
DA:61,0
DA:62,0
DA:63,0
DA:64,0
DA:65,0
DA:66,0
DA:67,0
DA:68,0
DA:69,0
DA:70,0
DA:71,0
DA:72,0
DA:73,0
DA:74,0
DA:75,0
DA:77,0
DA:78,0
DA:79,0
DA:80,0
DA:83,0
DA:84,0
DA:85,0
DA:88,0
DA:89,0
DA:90,0
DA:91,0
DA:92,0
DA:93,0
DA:94,0
DA:95,0
DA:97,0
DA:99,0
LF:78
LH:0
BRDA:2,0,0,0
BRDA:2,0,1,0
BRDA:2,0,2,0
BRDA:3,1,0,0
BRDA:3,1,1,0
BRDA:3,2,0,0
BRDA:3,2,1,0
BRDA:28,3,0,0
BRDA:28,3,1,0
BRDA:28,4,0,0
BRDA:28,4,1,0
BRDA:36,5,0,0
BRDA:36,5,1,0
BRDA:40,6,0,0
BRDA:40,6,1,0
BRDA:48,7,0,0
BRDA:48,7,1,0
BRDA:51,8,0,0
BRDA:51,8,1,0
BRDA:56,9,0,0
BRDA:56,9,1,0
BRDA:74,10,0,0
BRDA:74,10,1,0
BRDA:74,11,0,0
BRDA:74,11,1,0
BRDA:89,12,0,0
BRDA:89,12,1,0
BRF:27
BRH:0
end_of_record
TN:
SF:/Users/nrajlich/Code/zeit/now/packages/now-cli/src/commands/domains/ls.ts
FN:2,(anonymous_0)
FN:16,ls
FN:54,formatDomainsTable
FN:64,(anonymous_3)
FN:65,(anonymous_4)
FNF:5
FNH:0
FNDA:0,(anonymous_0)
FNDA:0,ls
FNDA:0,formatDomainsTable
FNDA:0,(anonymous_3)
FNDA:0,(anonymous_4)
DA:2,0
DA:3,0
DA:5,0
DA:6,0
DA:7,0
DA:8,0
DA:9,0
DA:10,0
DA:11,0
DA:12,0
DA:13,0
DA:14,0
DA:15,0
DA:17,0
DA:18,0
DA:19,0
DA:20,0
DA:21,0
DA:22,0
DA:23,0
DA:24,0
DA:25,0
DA:27,0
DA:28,0
DA:31,0
DA:32,0
DA:33,0
DA:35,0
DA:37,0
DA:38,0
DA:39,0
DA:40,0
DA:42,0
DA:43,0
DA:44,0
DA:45,0
DA:47,0
DA:48,0
DA:49,0
DA:51,0
DA:53,0
DA:55,0
DA:56,0
DA:64,0
DA:66,0
DA:67,0
DA:68,0
LF:47
LH:0
BRDA:2,0,0,0
BRDA:2,0,1,0
BRDA:2,0,2,0
BRDA:3,1,0,0
BRDA:3,1,1,0
BRDA:3,2,0,0
BRDA:3,2,1,0
BRDA:23,3,0,0
BRDA:23,3,1,0
BRDA:23,4,0,0
BRDA:23,4,1,0
BRDA:31,5,0,0
BRDA:31,5,1,0
BRDA:31,6,0,0
BRDA:31,6,1,0
BRDA:38,7,0,0
BRDA:38,7,1,0
BRDA:44,8,0,0
BRDA:44,8,1,0
BRDA:47,9,0,0
BRDA:47,9,1,0
BRDA:47,10,0,0
BRDA:47,10,1,0
BRF:23
BRH:0
end_of_record
TN:
SF:/Users/nrajlich/Code/zeit/now/packages/now-cli/src/commands/domains/move.ts
FN:2,(anonymous_0)
FN:5,(anonymous_1)
FN:28,move
FN:82,(anonymous_3)
FN:121,getArgs
FN:132,(anonymous_5)
FN:137,findDestinationMatch
FNF:7
FNH:0
FNDA:0,(anonymous_0)
FNDA:0,(anonymous_1)
FNDA:0,move
FNDA:0,(anonymous_3)
FNDA:0,getArgs
FNDA:0,(anonymous_5)
FNDA:0,findDestinationMatch
DA:2,0
DA:3,0
DA:5,0
DA:6,0
DA:7,0
DA:8,0
DA:9,0
DA:10,0
DA:12,0
DA:13,0
DA:14,0
DA:15,0
DA:16,0
DA:17,0
DA:18,0
DA:19,0
DA:20,0
DA:21,0
DA:22,0
DA:23,0
DA:24,0
DA:25,0
DA:26,0
DA:27,0
DA:29,0
DA:30,0
DA:31,0
DA:32,0
DA:33,0
DA:34,0
DA:35,0
DA:36,0
DA:37,0
DA:40,0
DA:41,0
DA:42,0
DA:44,0
DA:46,0
DA:47,0
DA:48,0
DA:49,0
DA:51,0
DA:52,0
DA:53,0
DA:54,0
DA:55,0
DA:57,0
DA:58,0
DA:59,0
DA:61,0
DA:62,0
DA:63,0
DA:64,0
DA:66,0
DA:67,0
DA:68,0
DA:71,0
DA:72,0
DA:73,0
DA:74,0
DA:75,0
DA:76,0
DA:77,0
DA:81,0
DA:82,0
DA:83,0
DA:85,0
DA:86,0
DA:87,0
DA:88,0
DA:89,0
DA:91,0
DA:92,0
DA:93,0
DA:95,0
DA:96,0
DA:98,0
DA:99,0
DA:100,0
DA:101,0
DA:103,0
DA:104,0
DA:105,0
DA:107,0
DA:108,0
DA:109,0
DA:111,0
DA:112,0
DA:113,0
DA:116,0
DA:118,0
DA:120,0
DA:122,0
DA:123,0
DA:124,0
DA:129,0
DA:130,0
DA:132,0
DA:135,0
DA:138,0
DA:139,0
DA:141,0
DA:142,0
DA:143,0
DA:146,0
LF:105
LH:0
BRDA:2,0,0,0
BRDA:2,0,1,0
BRDA:2,0,2,0
BRDA:3,1,0,0
BRDA:3,1,1,0
BRDA:3,2,0,0
BRDA:3,2,1,0
BRDA:5,3,0,0
BRDA:5,3,1,0
BRDA:5,3,2,0
BRDA:6,4,0,0
BRDA:6,4,1,0
BRDA:6,5,0,0
BRDA:6,5,1,0
BRDA:8,6,0,0
BRDA:8,6,1,0
BRDA:8,7,0,0
BRDA:8,7,1,0
BRDA:40,8,0,0
BRDA:40,8,1,0
BRDA:40,9,0,0
BRDA:40,9,1,0
BRDA:47,10,0,0
BRDA:47,10,1,0
BRDA:52,11,0,0
BRDA:52,11,1,0
BRDA:57,12,0,0
BRDA:57,12,1,0
BRDA:63,13,0,0
BRDA:63,13,1,0
BRDA:63,14,0,0
BRDA:63,14,1,0
BRDA:66,15,0,0
BRDA:66,15,1,0
BRDA:71,16,0,0
BRDA:71,16,1,0
BRDA:73,17,0,0
BRDA:73,17,1,0
BRDA:75,18,0,0
BRDA:75,18,1,0
BRDA:83,19,0,0
BRDA:83,19,1,0
BRDA:85,20,0,0
BRDA:85,20,1,0
BRDA:87,21,0,0
BRDA:87,21,1,0
BRDA:91,22,0,0
BRDA:91,22,1,0
BRDA:98,23,0,0
BRDA:98,23,1,0
BRDA:103,24,0,0
BRDA:103,24,1,0
BRDA:107,25,0,0
BRDA:107,25,1,0
BRDA:112,26,0,0
BRDA:112,26,1,0
BRDA:123,27,0,0
BRDA:123,27,1,0
BRDA:129,28,0,0
BRDA:129,28,1,0
BRDA:132,29,0,0
BRDA:132,29,1,0
BRDA:138,30,0,0
BRDA:138,30,1,0
BRDA:138,31,0,0
BRDA:138,31,1,0
BRDA:142,32,0,0
BRDA:142,32,1,0
BRDA:142,33,0,0
BRDA:142,33,1,0
BRF:70
BRH:0
end_of_record
TN:
SF:/Users/nrajlich/Code/zeit/now/packages/now-cli/src/commands/domains/rm.ts
FN:2,(anonymous_0)
FN:5,(anonymous_1)
FN:28,rm
FN:74,removeDomain
FNF:4
FNH:0
FNDA:0,(anonymous_0)
FNDA:0,(anonymous_1)
FNDA:0,rm
FNDA:0,removeDomain
DA:2,0
DA:3,0
DA:5,0
DA:6,0
DA:7,0
DA:8,0
DA:9,0
DA:10,0
DA:12,0
DA:13,0
DA:14,0
DA:15,0
[...]
BRDA:3,2,0,3
BRDA:3,2,1,3
BRF:7
BRH:6
end_of_record
TN:
SF:/Users/nrajlich/Code/zeit/now/packages/now-cli/src/util/output/code.ts
FN:2,(anonymous_0)
FN:10,code
FNF:2
FNH:1
FNDA:3,(anonymous_0)
FNDA:0,code
DA:2,3
DA:3,3
DA:5,3
DA:7,3
DA:11,0
DA:12,0
DA:14,3
LF:7
LH:5
BRDA:2,0,0,3
BRDA:2,0,1,3
BRDA:2,0,2,3
BRDA:3,1,0,0
BRDA:3,1,1,3
BRDA:3,2,0,3
BRDA:3,2,1,3
BRDA:10,3,0,0
BRDA:10,4,0,0
BRDA:11,5,0,0
BRDA:11,5,1,0
BRF:11
BRH:6
end_of_record
TN:
SF:/Users/nrajlich/Code/zeit/now/packages/now-cli/src/util/output/create-output.ts
FN:2,(anonymous_0)
FN:11,createOutput
FN:12,print
FN:15,log
FN:18,dim
FN:21,warn
FN:42,note
FN:45,error
FN:52,ready
FN:55,success
FN:58,debug
FN:63,spinner
FN:67,(anonymous_12)
FN:80,(anonymous_13)
FN:84,time
FNF:15
FNH:11
FNDA:6,(anonymous_0)
FNDA:15,createOutput
FNDA:420,print
FNDA:404,log
FNDA:0,dim
FNDA:0,warn
FNDA:0,note
FNDA:0,error
FNDA:13,ready
FNDA:3,success
FNDA:382,debug
FNDA:12,spinner
FNDA:12,(anonymous_12)
FNDA:26,(anonymous_13)
FNDA:26,time
DA:2,2
DA:3,6
DA:5,2
DA:6,2
DA:7,2
DA:8,2
DA:9,2
DA:10,2
DA:13,420
DA:16,404
DA:19,0
DA:22,0
DA:25,0
DA:27,0
DA:28,0
DA:39,0
DA:40,0
DA:43,0
DA:46,0
DA:47,0
DA:49,0
DA:53,13
DA:56,3
DA:60,377
DA:65,12
DA:66,12
DA:67,12
DA:68,12
DA:69,0
DA:70,12
DA:71,12
DA:74,0
DA:81,26
DA:85,26
DA:87,13
DA:88,13
DA:89,13
DA:90,13
DA:91,13
DA:93,13
DA:95,15
DA:109,2
LF:42
LH:29
BRDA:2,0,0,2
BRDA:2,0,1,2
BRDA:2,0,2,2
BRDA:3,1,0,2
BRDA:3,1,1,4
BRDA:3,2,0,6
BRDA:3,2,1,6
BRDA:11,3,0,0
BRDA:11,4,0,0
BRDA:15,5,0,404
BRDA:18,6,0,0
BRDA:21,7,0,0
BRDA:21,8,0,0
BRDA:27,9,0,0
BRDA:27,9,1,0
BRDA:30,10,0,0
BRDA:30,10,1,0
BRDA:45,11,0,0
BRDA:45,12,0,0
BRDA:47,13,0,0
BRDA:47,13,1,0
BRDA:63,14,0,12
BRDA:68,15,0,0
BRDA:68,15,1,12
BRDA:85,16,0,0
BRDA:85,16,1,26
BRF:26
BRH:11
end_of_record
TN:
SF:/Users/nrajlich/Code/zeit/now/packages/now-cli/src/util/output/effect.js
FN:3,(anonymous_0)
FNF:1
FNH:0
FNDA:0,(anonymous_0)
DA:3,0
LF:1
LH:0
BRF:0
BRH:0
end_of_record
TN:
SF:/Users/nrajlich/Code/zeit/now/packages/now-cli/src/util/output/elapsed.ts
FN:2,(anonymous_0)
FN:14,elapsed
FNF:2
FNH:0
FNDA:0,(anonymous_0)
FNDA:0,elapsed
DA:2,0
DA:3,0
DA:5,0
DA:6,0
DA:7,0
DA:15,0
DA:17,0
LF:7
LH:0
BRDA:2,0,0,0
BRDA:2,0,1,0
BRDA:2,0,2,0
BRDA:3,1,0,0
BRDA:3,1,1,0
BRDA:3,2,0,0
BRDA:3,2,1,0
BRDA:14,3,0,0
BRDA:15,4,0,0
BRDA:15,4,1,0
BRDA:15,5,0,0
BRDA:15,5,1,0
BRF:12
BRH:0
end_of_record
TN:
SF:/Users/nrajlich/Code/zeit/now/packages/now-cli/src/util/output/erase-lines.ts
FN:2,(anonymous_0)
FN:7,eraseLines
FNF:2
FNH:2
FNDA:2,(anonymous_0)
FNDA:1,eraseLines
DA:2,2
DA:3,2
DA:5,2
DA:6,2
DA:8,1
DA:10,2
LF:6
LH:6
BRDA:2,0,0,2
BRDA:2,0,1,2
BRDA:2,0,2,2
BRDA:3,1,0,0
BRDA:3,1,1,2
BRDA:3,2,0,2
BRDA:3,2,1,2
BRF:7
BRH:6
end_of_record
TN:
SF:/Users/nrajlich/Code/zeit/now/packages/now-cli/src/util/output/error.ts
FN:2,(anonymous_0)
FN:9,error
FNF:2
FNH:1
FNDA:1,(anonymous_0)
FNDA:0,error
DA:2,1
DA:3,1
DA:5,1
DA:6,1
DA:7,1
DA:8,1
DA:10,0
DA:12,0
DA:13,0
DA:15,0
DA:18,0
DA:22,0
DA:24,0
DA:26,1
LF:14
LH:7
BRDA:2,0,0,1
BRDA:2,0,1,1
BRDA:2,0,2,1
BRDA:3,1,0,0
BRDA:3,1,1,1
BRDA:3,2,0,1
BRDA:3,2,1,1
BRF:7
BRH:6
end_of_record
TN:
SF:/Users/nrajlich/Code/zeit/now/packages/now-cli/src/util/output/format-log-cmd.js
FN:4,formatLogCmd
FNF:1
FNH:0
FNDA:0,formatLogCmd
DA:5,0
LF:1
LH:0
BRF:0
BRH:0
end_of_record
TN:
SF:/Users/nrajlich/Code/zeit/now/packages/now-cli/src/util/output/format-log-output.js
FN:4,formatLogOutput
FN:7,(anonymous_1)
FNF:2
FNH:0
FNDA:0,formatLogOutput
FNDA:0,(anonymous_1)
DA:5,0
DA:7,0
LF:2
LH:0
BRDA:4,0,0,0
BRF:1
BRH:0
end_of_record
TN:
SF:/Users/nrajlich/Code/zeit/now/packages/now-cli/src/util/output/format-log-text.js
FN:2,formatLogText
FNF:1
FNH:0
FNDA:0,formatLogText
DA:3,0
LF:1
LH:0
BRF:0
BRH:0
end_of_record
TN:
SF:/Users/nrajlich/Code/zeit/now/packages/now-cli/src/util/output/highlight.ts
FN:2,(anonymous_0)
FN:7,highlight
FNF:2
FNH:2
FNDA:2,(anonymous_0)
FNDA:1,highlight
DA:2,2
DA:3,2
DA:5,2
DA:6,2
DA:8,1
DA:10,2
LF:6
LH:6
BRDA:2,0,0,2
BRDA:2,0,1,2
BRDA:2,0,2,2
BRDA:3,1,0,0
BRDA:3,1,1,2
BRDA:3,2,0,2
BRDA:3,2,1,2
BRF:7
BRH:6
end_of_record
TN:
SF:/Users/nrajlich/Code/zeit/now/packages/now-cli/src/util/output/indent.js
FN:1,(anonymous_0)
FNF:1
FNH:0
FNDA:0,(anonymous_0)
DA:2,0
DA:3,0
LF:2
LH:0
BRF:0
BRH:0
end_of_record
TN:
SF:/Users/nrajlich/Code/zeit/now/packages/now-cli/src/util/output/index.ts
FNF:0
FNH:0
DA:2,2
DA:3,2
DA:4,2
LF:3
LH:3
BRF:0
BRH:0
end_of_record
TN:
SF:/Users/nrajlich/Code/zeit/now/packages/now-cli/src/util/output/info.ts
FN:2,(anonymous_0)
FN:9,info
FNF:2
FNH:1
FNDA:1,(anonymous_0)
FNDA:0,info
DA:2,1
DA:3,1
DA:5,1
DA:6,1
DA:10,0
DA:12,1
LF:6
LH:5
BRDA:2,0,0,1
BRDA:2,0,1,1
BRDA:2,0,2,1
BRDA:3,1,0,0
BRDA:3,1,1,1
BRDA:3,2,0,1
BRDA:3,2,1,1
BRF:7
BRH:6
end_of_record
TN:
SF:/Users/nrajlich/Code/zeit/now/packages/now-cli/src/util/output/join-words.ts
FN:3,joinWords
FNF:1
FNH:0
FNDA:0,joinWords
DA:2,0
DA:4,0
DA:5,0
DA:7,0
DA:8,0
DA:10,0
DA:11,0
DA:12,0
DA:14,0
LF:9
LH:0
BRDA:3,0,0,0
BRDA:4,1,0,0
BRDA:4,1,1,0
BRDA:7,2,0,0
BRDA:7,2,1,0
BRF:5
BRH:0
end_of_record
TN:
SF:/Users/nrajlich/Code/zeit/now/packages/now-cli/src/util/output/link.ts
FN:2,(anonymous_0)
FNF:1
FNH:1
FNDA:2,(anonymous_0)
DA:2,2
DA:3,2
DA:5,2
DA:6,2
DA:7,2
DA:8,2
LF:6
LH:6
BRDA:2,0,0,2
BRDA:2,0,1,2
BRDA:2,0,2,2
BRDA:3,1,0,0
BRDA:3,1,1,2
BRDA:3,2,0,2
BRDA:3,2,1,2
BRF:7
BRH:6
end_of_record
TN:
SF:/Users/nrajlich/Code/zeit/now/packages/now-cli/src/util/output/list-item.ts
FN:2,(anonymous_0)
FN:10,(anonymous_1)
FNF:2
FNH:0
FNDA:0,(anonymous_0)
FNDA:0,(anonymous_1)
DA:2,0
DA:3,0
DA:5,0
DA:6,0
DA:10,0
DA:11,0
DA:12,0
DA:14,0
DA:15,0
DA:17,0
DA:19,0
LF:11
LH:0
BRDA:2,0,0,0
BRDA:2,0,1,0
BRDA:2,0,2,0
BRDA:3,1,0,0
BRDA:3,1,1,0
BRDA:3,2,0,0
BRDA:3,2,1,0
BRDA:11,3,0,0
BRDA:11,3,1,0
BRDA:14,4,0,0
BRDA:14,4,1,0
BRF:11
BRH:0
end_of_record
TN:
SF:/Users/nrajlich/Code/zeit/now/packages/now-cli/src/util/output/logo.ts
FNF:0
FNH:0
DA:2,0
DA:3,0
LF:2
LH:0
BRF:0
BRH:0
end_of_record
TN:
SF:/Users/nrajlich/Code/zeit/now/packages/now-cli/src/util/output/note.js
FN:3,(anonymous_0)
FNF:1
FNH:0
FNDA:0,(anonymous_0)
DA:3,0
LF:1
LH:0
BRF:0
BRH:0
end_of_record
TN:
SF:/Users/nrajlich/Code/zeit/now/packages/now-cli/src/util/output/ok.js
FN:4,(anonymous_0)
FNF:1
FNH:0
FNDA:0,(anonymous_0)
DA:4,0
LF:1
LH:0
BRF:0
BRH:0
end_of_record
TN:
SF:/Users/nrajlich/Code/zeit/now/packages/now-cli/src/util/output/param.ts
FN:2,(anonymous_0)
FN:7,param
FNF:2
FNH:1
FNDA:3,(anonymous_0)
FNDA:0,param
DA:2,3
DA:3,3
DA:5,3
DA:6,3
DA:8,0
DA:10,3
LF:6
LH:5
BRDA:2,0,0,3
BRDA:2,0,1,3
BRDA:2,0,2,3
BRDA:3,1,0,0
BRDA:3,1,1,3
BRDA:3,2,0,3
BRDA:3,2,1,3
BRF:7
BRH:6
end_of_record
TN:
SF:/Users/nrajlich/Code/zeit/now/packages/now-cli/src/util/output/ready.js
FN:3,(anonymous_0)
FNF:1
FNH:0
FNDA:0,(anonymous_0)
DA:3,0
LF:1
LH:0
BRF:0
BRH:0
end_of_record
TN:
SF:/Users/nrajlich/Code/zeit/now/packages/now-cli/src/util/output/right-pad.js
FN:1,(anonymous_0)
FNF:1
FNH:0
FNDA:0,(anonymous_0)
DA:2,0
DA:3,0
LF:2
LH:0
BRDA:1,0,0,0
BRDA:3,1,0,0
BRDA:3,1,1,0
BRF:3
BRH:0
end_of_record
TN:
SF:/Users/nrajlich/Code/zeit/now/packages/now-cli/src/util/output/routes.js
FN:3,(anonymous_0)
FN:4,(anonymous_1)
FN:18,(anonymous_2)
FNF:3
FNH:0
FNDA:0,(anonymous_0)
FNDA:0,(anonymous_1)
FNDA:0,(anonymous_2)
DA:3,0
DA:4,0
DA:5,0
DA:6,0
DA:8,0
DA:11,0
DA:12,0
DA:15,0
DA:19,0
DA:21,0
DA:22,0
DA:24,0
DA:25,0
DA:26,0
DA:27,0
DA:29,0
DA:30,0
DA:31,0
DA:32,0
DA:35,0
DA:36,0
DA:37,0
DA:39,0
DA:40,0
DA:41,0
DA:43,0
DA:45,0
DA:46,0
DA:48,0
DA:50,0
DA:51,0
DA:52,0
DA:53,0
DA:54,0
DA:56,0
DA:60,0
DA:61,0
DA:63,0
DA:66,0
LF:39
LH:0
BRDA:5,0,0,0
BRDA:5,0,1,0
BRDA:6,1,0,0
BRDA:6,1,1,0
BRDA:11,2,0,0
BRDA:11,2,1,0
BRDA:26,3,0,0
BRDA:26,3,1,0
BRDA:30,4,0,0
BRDA:30,4,1,0
BRDA:37,5,0,0
BRDA:37,5,1,0
BRDA:40,6,0,0
BRDA:40,6,1,0
BRDA:41,7,0,0
BRDA:41,7,1,0
BRDA:45,8,0,0
BRDA:45,8,1,0
BRDA:53,9,0,0
BRDA:53,9,1,0
BRDA:54,10,0,0
BRDA:54,10,1,0
BRDA:60,11,0,0
BRDA:60,11,1,0
BRDA:63,12,0,0
BRDA:63,12,1,0
BRF:26
BRH:0
end_of_record
TN:
SF:/Users/nrajlich/Code/zeit/now/packages/now-cli/src/util/output/stamp.ts
FN:2,(anonymous_0)
FN:11,(anonymous_1)
FN:12,(anonymous_2)
FNF:3
FNH:0
FNDA:0,(anonymous_0)
FNDA:0,(anonymous_1)
FNDA:0,(anonymous_2)
DA:2,0
DA:3,0
DA:5,0
DA:6,0
DA:11,0
DA:12,0
LF:6
LH:0
BRDA:2,0,0,0
BRDA:2,0,1,0
BRDA:2,0,2,0
BRDA:3,1,0,0
BRDA:3,1,1,0
BRDA:3,2,0,0
BRDA:3,2,1,0
BRDA:11,3,0,0
BRF:8
BRH:0
end_of_record
TN:
SF:/Users/nrajlich/Code/zeit/now/packages/now-cli/src/util/output/success.ts
FN:2,(anonymous_0)
FN:7,success
FNF:2
FNH:0
FNDA:0,(anonymous_0)
FNDA:0,success
DA:2,0
DA:3,0
DA:5,0
DA:6,0
DA:8,0
DA:10,0
LF:6
LH:0
BRDA:2,0,0,0
BRDA:2,0,1,0
BRDA:2,0,2,0
BRDA:3,1,0,0
BRDA:3,1,1,0
BRDA:3,2,0,0
BRDA:3,2,1,0
BRF:7
BRH:0
end_of_record
TN:
SF:/Users/nrajlich/Code/zeit/now/packages/now-cli/src/util/output/table.js
FN:4,(anonymous_0)
FN:5,(anonymous_1)
FN:8,(anonymous_2)
FN:12,(anonymous_3)
FN:13,(anonymous_4)
FN:18,(anonymous_5)
FN:21,(anonymous_6)
FN:26,(anonymous_7)
FNF:8
FNH:0
FNDA:0,(anonymous_0)
FNDA:0,(anonymous_1)
FNDA:0,(anonymous_2)
FNDA:0,(anonymous_3)
FNDA:0,(anonymous_4)
FNDA:0,(anonymous_5)
FNDA:0,(anonymous_6)
FNDA:0,(anonymous_7)
DA:4,0
DA:5,0
DA:10,0
DA:13,0
DA:14,0
DA:15,0
DA:16,0
DA:18,0
DA:21,0
DA:24,0
DA:26,0
LF:11
LH:0
BRDA:8,0,0,0
BRDA:8,1,0,0
BRDA:8,2,0,0
BRDA:14,3,0,0
BRDA:14,3,1,0
BRDA:15,4,0,0
BRDA:15,4,1,0
BRDA:15,4,2,0
BRDA:21,5,0,0
BRDA:21,5,1,0
BRDA:21,5,2,0
BRF:11
BRH:0
end_of_record
TN:
SF:/Users/nrajlich/Code/zeit/now/packages/now-cli/src/util/output/uid.js
FN:5,(anonymous_0)
FNF:1
FNH:0
FNDA:0,(anonymous_0)
DA:5,0
LF:1
LH:0
BRF:0
BRH:0
end_of_record
TN:
SF:/Users/nrajlich/Code/zeit/now/packages/now-cli/src/util/output/wait.ts
FN:2,(anonymous_0)
FN:9,wait
FN:12,(anonymous_2)
FN:18,(anonymous_3)
FNF:4
FNH:4
FNDA:6,(anonymous_0)
FNDA:3,wait
FNDA:1,(anonymous_2)
FNDA:3,(anonymous_3)
DA:2,2
DA:3,6
DA:5,2
DA:6,2
DA:7,2
DA:8,2
DA:11,3
DA:12,3
DA:13,1
DA:14,1
DA:15,1
DA:16,1
DA:18,3
DA:19,3
DA:21,1
DA:22,1
DA:23,1
DA:25,3
DA:28,3
DA:29,3
DA:31,2
LF:21
LH:21
BRDA:2,0,0,2
BRDA:2,0,1,2
BRDA:2,0,2,2
BRDA:3,1,0,2
BRDA:3,1,1,4
BRDA:3,2,0,6
BRDA:3,2,1,6
BRDA:9,3,0,0
BRDA:9,4,0,0
BRF:9
BRH:7
end_of_record
TN:
SF:/Users/nrajlich/Code/zeit/now/packages/now-cli/src/util/projects/get-project-by-id-or-name.ts
FN:4,getProjectByNameOrId
FNF:1
FNH:0
FNDA:0,getProjectByNameOrId
DA:2,1
DA:3,1
DA:6,0
DA:7,0
DA:11,0
DA:13,0
DA:16,1
LF:7
LH:3
BRF:0
BRH:0
end_of_record
TN:
SF:/Users/nrajlich/Code/zeit/now/packages/now-cli/src/util/projects/link.ts
FN:2,(anonymous_0)
FN:36,getLink
FN:58,getOrgById
FN:70,getLinkedProject
FN:111,linkFolderToProject
FN:142,(anonymous_5)
FN:143,(anonymous_6)
FNF:7
FNH:0
FNDA:0,(anonymous_0)
FNDA:0,getLink
FNDA:0,getOrgById
FNDA:0,getLinkedProject
FNDA:0,linkFolderToProject
FNDA:0,(anonymous_5)
FNDA:0,(anonymous_6)
DA:2,0
DA:3,0
DA:5,0
DA:6,0
DA:7,0
DA:8,0
DA:9,0
DA:10,0
DA:11,0
DA:12,0
DA:13,0
DA:14,0
DA:15,0
DA:16,0
DA:17,0
DA:18,0
DA:19,0
DA:20,0
DA:21,0
DA:22,0
DA:37,0
DA:38,0
DA:39,0
DA:40,0
DA:41,0
DA:42,0
DA:44,0
DA:48,0
DA:49,0
DA:52,0
DA:53,0
DA:55,0
DA:59,0
DA:60,0
DA:61,0
DA:62,0
DA:63,0
DA:65,0
DA:66,0
DA:67,0
DA:68,0
DA:71,0
DA:72,0
DA:73,0
DA:74,0
DA:75,0
DA:77,0
DA:80,0
DA:81,0
DA:83,0
DA:86,0
DA:87,0
DA:93,0
DA:95,0
DA:96,0
DA:97,0
DA:101,0
DA:104,0
DA:106,0
DA:108,0
DA:110,0
DA:113,0
DA:114,0
DA:115,0
DA:118,0
DA:119,0
DA:122,0
DA:124,0
DA:125,0
DA:128,0
DA:131,0
DA:133,0
DA:135,0
DA:136,0
DA:138,0
DA:139,0
DA:140,0
DA:141,0
DA:142,0
DA:143,0
DA:144,0
DA:145,0
DA:146,0
DA:152,0
DA:154,0
LF:85
LH:0
BRDA:2,0,0,0
BRDA:2,0,1,0
BRDA:2,0,2,0
BRDA:3,1,0,0
BRDA:3,1,1,0
BRDA:3,2,0,0
BRDA:3,2,1,0
BRDA:38,3,0,0
BRDA:38,3,1,0
BRDA:41,4,0,0
BRDA:41,4,1,0
BRDA:48,5,0,0
BRDA:48,5,1,0
BRDA:52,6,0,0
BRDA:52,6,1,0
BRDA:59,7,0,0
BRDA:59,7,1,0
BRDA:61,8,0,0
BRDA:61,8,1,0
BRDA:66,9,0,0
BRDA:66,9,1,0
BRDA:72,10,0,0
BRDA:72,10,1,0
BRDA:73,11,0,0
BRDA:73,11,1,0
BRDA:73,12,0,0
BRDA:73,12,1,0
BRDA:73,12,2,0
BRDA:74,13,0,0
BRDA:74,13,1,0
BRDA:74,14,0,0
BRDA:74,14,1,0
BRDA:77,15,0,0
BRDA:77,15,1,0
BRDA:77,16,0,0
BRDA:77,16,1,0
BRDA:80,17,0,0
BRDA:80,17,1,0
BRDA:95,18,0,0
BRDA:95,18,1,0
BRDA:95,19,0,0
BRDA:95,19,1,0
BRDA:95,19,2,0
BRDA:96,20,0,0
BRDA:96,20,1,0
BRDA:114,21,0,0
BRDA:114,21,1,0
BRDA:114,22,0,0
BRDA:114,22,1,0
BRDA:119,23,0,0
BRDA:119,23,1,0
BRDA:119,24,0,0
BRDA:119,24,1,0
BRDA:119,24,2,0
BRDA:128,25,0,0
BRDA:128,25,1,0
BRDA:144,26,0,0
BRDA:144,26,1,0
BRDA:144,27,0,0
BRDA:144,27,1,0
BRDA:145,28,0,0
BRDA:145,28,1,0
BRDA:152,29,0,0
BRDA:152,29,1,0
BRF:64
BRH:0
end_of_record
TN:
SF:/Users/nrajlich/Code/zeit/now/packages/now-cli/src/util/projects/remove-project.ts
FN:4,removeProject
FNF:1
FNH:0
FNDA:0,removeProject
DA:2,0
DA:3,0
DA:5,0
DA:6,0
DA:11,0
DA:12,0
DA:14,0
DA:17,0
LF:8
LH:0
BRDA:11,0,0,0
BRDA:11,0,1,0
BRF:2
BRH:0
end_of_record
TN:
SF:/Users/nrajlich/Code/zeit/now/packages/now-cli/src/util/scale/constants.js
FNF:0
FNH:0
DA:3,0
LF:1
LH:0
BRF:0
BRH:0
end_of_record
TN:
SF:/Users/nrajlich/Code/zeit/now/packages/now-cli/src/util/scale/get-dcs-from-args.js
FN:5,getDCsFromArgs
FNF:1
FNH:0
FNDA:0,getDCsFromArgs
DA:6,0
DA:7,0
LF:2
LH:0
BRDA:6,0,0,0
BRDA:6,0,1,0
BRF:2
BRH:0
end_of_record
TN:
SF:/Users/nrajlich/Code/zeit/now/packages/now-cli/src/util/scale/get-max-from-args.ts
FN:2,(anonymous_0)
FN:9,(anonymous_1)
FN:18,getMaxFromArgs
FNF:3
FNH:0
FNDA:0,(anonymous_0)
FNDA:0,(anonymous_1)
FNDA:0,getMaxFromArgs
DA:2,0
DA:3,0
DA:4,0
DA:5,0
DA:6,0
DA:7,0
DA:9,0
DA:10,0
DA:12,0
DA:13,0
DA:14,0
DA:15,0
DA:16,0
DA:17,0
DA:19,0
DA:20,0
DA:21,0
DA:23,0
DA:24,0
DA:25,0
DA:27,0
DA:28,0
DA:32,0
DA:33,0
DA:35,0
DA:36,0
DA:38,0
DA:39,0
DA:42,0
DA:44,0
LF:30
LH:0
BRDA:2,0,0,0
BRDA:2,0,1,0
BRDA:2,0,2,0
BRDA:3,1,0,0
BRDA:3,1,1,0
BRDA:3,2,0,0
BRDA:3,2,1,0
BRDA:5,3,0,0
BRDA:5,3,1,0
BRDA:5,4,0,0
BRDA:5,4,1,0
BRDA:9,5,0,0
BRDA:9,5,1,0
BRDA:9,5,2,0
BRDA:10,6,0,0
BRDA:10,6,1,0
BRDA:10,7,0,0
BRDA:10,7,1,0
BRDA:20,8,0,0
BRDA:20,8,1,0
BRDA:23,9,0,0
BRDA:23,9,1,0
BRDA:24,10,0,0
BRDA:24,10,1,0
BRDA:27,11,0,0
BRDA:27,11,1,0
BRDA:32,12,0,0
BRDA:32,12,1,0
BRDA:35,13,0,0
BRDA:35,13,1,0
BRDA:38,14,0,0
BRDA:38,14,1,0
BRF:32
BRH:0
end_of_record
TN:
SF:/Users/nrajlich/Code/zeit/now/packages/now-cli/src/util/scale/get-min-from-args.ts
FN:2,(anonymous_0)
FN:7,getMinFromArgs
FN:12,toMinValue
FNF:3
FNH:0
FNDA:0,(anonymous_0)
FNDA:0,getMinFromArgs
FNDA:0,toMinValue
DA:2,0
DA:3,0
DA:5,0
DA:6,0
DA:8,0
DA:9,0
DA:11,0
DA:13,0
LF:8
LH:0
BRDA:2,0,0,0
BRDA:2,0,1,0
BRDA:2,0,2,0
BRDA:3,1,0,0
BRDA:3,1,1,0
BRDA:3,2,0,0
BRDA:3,2,1,0
BRDA:9,3,0,0
BRDA:9,3,1,0
BRDA:13,4,0,0
BRDA:13,4,1,0
BRF:11
BRH:0
end_of_record
TN:
SF:/Users/nrajlich/Code/zeit/now/packages/now-cli/src/util/scale/get-raw-min-from-args.ts
FN:2,(anonymous_0)
FN:9,getRawMinFromArgs
FNF:2
FNH:0
FNDA:0,(anonymous_0)
FNDA:0,getRawMinFromArgs
DA:2,0
DA:3,0
DA:5,0
DA:6,0
DA:7,0
DA:8,0
DA:10,0
DA:11,0
DA:13,0
DA:14,0
DA:16,0
DA:17,0
DA:19,0
DA:21,0
LF:14
LH:0
BRDA:2,0,0,0
BRDA:2,0,1,0
BRDA:2,0,2,0
BRDA:3,1,0,0
BRDA:3,1,1,0
BRDA:3,2,0,0
BRDA:3,2,1,0
BRDA:10,3,0,0
BRDA:10,3,1,0
BRDA:13,4,0,0
BRDA:13,4,1,0
BRDA:16,5,0,0
BRDA:16,5,1,0
BRF:13
BRH:0
end_of_record
TN:
SF:/Users/nrajlich/Code/zeit/now/packages/now-cli/src/util/scale/get-scale-for-dc.ts
FN:3,getScaleForDC
FNF:1
FNH:0
FNDA:0,getScaleForDC
DA:2,0
DA:4,0
DA:7,0
DA:12,0
DA:17,0
LF:5
LH:0
BRDA:4,0,0,0
BRDA:4,0,1,0
BRDA:4,1,0,0
BRDA:4,1,1,0
BRDA:4,1,2,0
BRF:5
BRH:0
end_of_record
TN:
SF:/Users/nrajlich/Code/zeit/now/packages/now-cli/src/util/scale/is-valid-min-max-value.ts
FN:3,isValidValueForMinOrMax
FNF:1
FNH:0
FNDA:0,isValidValueForMinOrMax
DA:2,0
DA:4,0
DA:6,0
LF:3
LH:0
BRDA:4,0,0,0
BRDA:4,0,1,0
BRF:2
BRH:0
end_of_record
TN:
SF:/Users/nrajlich/Code/zeit/now/packages/now-cli/src/util/scale/normalize-regions-list.js
FN:5,normalizeRegionsList
FNF:1
FNH:0
FNDA:0,normalizeRegionsList
DA:6,0
DA:7,0
DA:8,0
DA:11,0
DA:14,0
DA:15,0
DA:16,0
DA:17,0
DA:18,0
DA:20,0
DA:23,0
LF:11
LH:0
BRDA:6,0,0,0
BRDA:6,0,1,0
BRDA:7,1,0,0
BRDA:7,1,1,0
BRDA:17,2,0,0
BRDA:17,2,1,0
BRF:6
BRH:0
end_of_record
TN:
SF:/Users/nrajlich/Code/zeit/now/packages/now-cli/src/util/scale/patch-deployment-scale.ts
FN:2,(anonymous_0)
FN:5,(anonymous_1)
FN:16,patchDeploymentScale
FN:17,(anonymous_3)
FNF:4
FNH:0
FNDA:0,(anonymous_0)
FNDA:0,(anonymous_1)
FNDA:0,patchDeploymentScale
FNDA:0,(anonymous_3)
DA:2,0
DA:3,0
DA:5,0
DA:6,0
DA:7,0
DA:8,0
DA:9,0
DA:10,0
DA:12,0
DA:13,0
DA:14,0
DA:15,0
DA:17,0
DA:18,0
DA:19,0
DA:23,0
DA:26,0
DA:27,0
DA:28,0
DA:30,0
DA:31,0
DA:33,0
DA:34,0
DA:36,0
DA:37,0
DA:39,0
DA:40,0
DA:42,0
DA:45,0
LF:29
LH:0
BRDA:2,0,0,0
BRDA:2,0,1,0
BRDA:2,0,2,0
BRDA:3,1,0,0
BRDA:3,1,1,0
BRDA:3,2,0,0
BRDA:3,2,1,0
BRDA:5,3,0,0
BRDA:5,3,1,0
BRDA:5,3,2,0
BRDA:6,4,0,0
BRDA:6,4,1,0
BRDA:6,5,0,0
BRDA:6,5,1,0
BRDA:8,6,0,0
BRDA:8,6,1,0
BRDA:8,7,0,0
BRDA:8,7,1,0
BRDA:27,8,0,0
BRDA:27,8,1,0
BRDA:30,9,0,0
BRDA:30,9,1,0
BRDA:33,10,0,0
BRDA:33,10,1,0
BRDA:36,11,0,0
BRDA:36,11,1,0
BRDA:39,12,0,0
BRDA:39,12,1,0
BRF:28
BRH:0
end_of_record
TN:
SF:/Users/nrajlich/Code/zeit/now/packages/now-cli/src/util/scale/region-or-dc-to-dc.js
FN:4,regionOrDCToDC
FN:5,(anonymous_1)
FNF:2
FNH:0
FNDA:0,regionOrDCToDC
FNDA:0,(anonymous_1)
DA:5,0
DA:6,0
DA:7,0
DA:9,0
DA:11,0
LF:5
LH:0
BRDA:6,0,0,0
BRDA:6,0,1,0
BRDA:9,1,0,0
BRDA:9,1,1,0
BRF:4
BRH:0
end_of_record
TN:
SF:/Users/nrajlich/Code/zeit/now/packages/now-cli/src/util/scale/set-deployment-scale.ts
FN:2,(anonymous_0)
FN:5,(anonymous_1)
FN:16,setScale
FN:17,(anonymous_3)
FNF:4
FNH:0
FNDA:0,(anonymous_0)
FNDA:0,(anonymous_1)
FNDA:0,setScale
FNDA:0,(anonymous_3)
DA:2,0
DA:3,0
DA:5,0
DA:6,0
DA:7,0
DA:8,0
DA:9,0
DA:10,0
DA:12,0
DA:13,0
DA:14,0
DA:15,0
DA:17,0
DA:18,0
DA:19,0
DA:23,0
DA:26,0
DA:27,0
DA:28,0
DA:30,0
DA:31,0
DA:33,0
DA:34,0
DA:36,0
DA:37,0
DA:39,0
DA:42,0
LF:27
LH:0
BRDA:2,0,0,0
BRDA:2,0,1,0
BRDA:2,0,2,0
BRDA:3,1,0,0
BRDA:3,1,1,0
BRDA:3,2,0,0
BRDA:3,2,1,0
BRDA:5,3,0,0
BRDA:5,3,1,0
BRDA:5,3,2,0
BRDA:6,4,0,0
BRDA:6,4,1,0
BRDA:6,5,0,0
BRDA:6,5,1,0
BRDA:8,6,0,0
BRDA:8,6,1,0
BRDA:8,7,0,0
BRDA:8,7,1,0
BRDA:27,8,0,0
BRDA:27,8,1,0
BRDA:30,9,0,0
BRDA:30,9,1,0
BRDA:33,10,0,0
BRDA:33,10,1,0
BRDA:36,11,0,0
BRDA:36,11,1,0
BRF:26
BRH:0
end_of_record
TN:
SF:/Users/nrajlich/Code/zeit/now/packages/now-cli/src/util/scale/to-number-or-auto.ts
FN:4,toNumberOrAuto
FNF:1
FNH:0
FNDA:0,toNumberOrAuto
DA:2,0
DA:3,0
DA:5,0
DA:7,0
LF:4
LH:0
BRDA:5,0,0,0
BRDA:5,0,1,0
BRF:2
BRH:0
end_of_record
TN:
SF:/Users/nrajlich/Code/zeit/now/packages/now-cli/src/util/scale/verify-deployment-scale.ts
FN:2,(anonymous_0)
FN:12,verifyDeploymentScale
FN:15,(anonymous_2)
FN:51,allDcsMatched
FN:52,(anonymous_4)
FN:54,getTargetInstancesCountForScale
FN:55,(anonymous_6)
FN:60,getInitialInstancesCountForScale
FN:61,(anonymous_8)
FNF:9
FNH:0
FNDA:0,(anonymous_0)
FNDA:0,verifyDeploymentScale
FNDA:0,(anonymous_2)
FNDA:0,allDcsMatched
FNDA:0,(anonymous_4)
FNDA:0,getTargetInstancesCountForScale
FNDA:0,(anonymous_6)
FNDA:0,getInitialInstancesCountForScale
FNDA:0,(anonymous_8)
DA:2,0
DA:3,0
DA:5,0
DA:6,0
DA:7,0
DA:8,0
DA:9,0
DA:10,0
DA:11,0
DA:13,0
DA:14,0
DA:15,0
DA:16,0
DA:17,0
DA:18,0
DA:19,0
DA:20,0
DA:21,0
DA:22,0
DA:23,0
DA:24,0
DA:26,0
DA:29,0
DA:30,0
DA:33,0
DA:35,0
DA:36,0
DA:37,0
DA:38,0
DA:39,0
DA:44,0
DA:45,0
DA:50,0
DA:52,0
DA:55,0
DA:61,0
LF:36
LH:0
BRDA:2,0,0,0
BRDA:2,0,1,0
BRDA:2,0,2,0
BRDA:3,1,0,0
BRDA:3,1,1,0
BRDA:3,2,0,0
BRDA:3,2,1,0
BRDA:12,3,0,0
BRDA:13,4,0,0
BRDA:14,5,0,0
BRDA:22,6,0,0
BRDA:22,6,1,0
BRDA:26,7,0,0
BRDA:26,7,1,0
BRDA:29,8,0,0
BRDA:29,8,1,0
BRDA:33,9,0,0
BRDA:33,9,1,0
BRDA:36,10,0,0
BRDA:36,10,1,0
BRDA:38,11,0,0
BRDA:38,11,1,0
BRDA:44,12,0,0
BRDA:44,12,1,0
BRDA:52,13,0,0
BRDA:52,13,1,0
BRF:26
BRH:0
end_of_record
TN:
SF:/Users/nrajlich/Code/zeit/now/packages/now-cli/src/util/scale/wait-verify-deployment-scale.ts
FN:2,(anonymous_0)
FN:13,waitForScale
FN:33,renderWaitDcs
FN:34,(anonymous_3)
FNF:4
FNH:0
FNDA:0,(anonymous_0)
FNDA:0,waitForScale
FNDA:0,renderWaitDcs
FNDA:0,(anonymous_3)
DA:2,0
DA:3,0
DA:5,0
DA:6,0
DA:7,0
DA:8,0
DA:9,0
DA:10,0
DA:11,0
DA:12,0
DA:14,0
DA:15,0
DA:16,0
DA:17,0
DA:18,0
DA:19,0
DA:20,0
DA:21,0
DA:22,0
DA:24,0
DA:25,0
DA:27,0
DA:28,0
DA:32,0
DA:34,0
LF:25
LH:0
BRDA:2,0,0,0
BRDA:2,0,1,0
BRDA:2,0,2,0
BRDA:3,1,0,0
BRDA:3,1,1,0
BRDA:3,2,0,0
BRDA:3,2,1,0
BRDA:19,3,0,0
BRDA:19,3,1,0
BRDA:24,4,0,0
BRDA:24,4,1,0
BRDA:27,5,0,0
BRDA:27,5,1,0
BRF:13
BRH:0
end_of_record
